{"/Users/nanjundamurthy/Desktop/TimeSheetAppNodeService/app/models/user.js":{"path":"/Users/nanjundamurthy/Desktop/TimeSheetAppNodeService/app/models/user.js","statementMap":{"0":{"start":{"line":1,"column":17},"end":{"line":1,"column":36}},"1":{"start":{"line":2,"column":15},"end":{"line":2,"column":32}},"2":{"start":{"line":3,"column":18},"end":{"line":3,"column":38}},"3":{"start":{"line":4,"column":25},"end":{"line":4,"column":56}},"4":{"start":{"line":6,"column":19},"end":{"line":83,"column":1}},"5":{"start":{"line":52,"column":10},"end":{"line":52,"column":53}},"6":{"start":{"line":62,"column":10},"end":{"line":62,"column":53}},"7":{"start":{"line":85,"column":13},"end":{"line":93,"column":1}},"8":{"start":{"line":86,"column":2},"end":{"line":92,"column":4}},"9":{"start":{"line":87,"column":4},"end":{"line":89,"column":5}},"10":{"start":{"line":88,"column":6},"end":{"line":88,"column":24}},"11":{"start":{"line":90,"column":4},"end":{"line":90,"column":27}},"12":{"start":{"line":91,"column":4},"end":{"line":91,"column":17}},"13":{"start":{"line":95,"column":16},"end":{"line":102,"column":1}},"14":{"start":{"line":96,"column":2},"end":{"line":101,"column":4}},"15":{"start":{"line":97,"column":4},"end":{"line":99,"column":5}},"16":{"start":{"line":98,"column":6},"end":{"line":98,"column":22}},"17":{"start":{"line":100,"column":4},"end":{"line":100,"column":33}},"18":{"start":{"line":104,"column":0},"end":{"line":111,"column":2}},"19":{"start":{"line":105,"column":15},"end":{"line":105,"column":19}},"20":{"start":{"line":106,"column":22},"end":{"line":106,"column":23}},"21":{"start":{"line":107,"column":2},"end":{"line":109,"column":3}},"22":{"start":{"line":108,"column":4},"end":{"line":108,"column":17}},"23":{"start":{"line":110,"column":2},"end":{"line":110,"column":41}},"24":{"start":{"line":113,"column":0},"end":{"line":117,"column":1}},"25":{"start":{"line":114,"column":2},"end":{"line":116,"column":3}},"26":{"start":{"line":115,"column":4},"end":{"line":115,"column":37}},"27":{"start":{"line":118,"column":0},"end":{"line":118,"column":35}},"28":{"start":{"line":119,"column":0},"end":{"line":119,"column":51}}},"fnMap":{"0":{"name":"(anonymous_0)","decl":{"start":{"line":51,"column":8},"end":{"line":51,"column":9}},"loc":{"start":{"line":51,"column":21},"end":{"line":53,"column":9}},"line":51},"1":{"name":"(anonymous_1)","decl":{"start":{"line":61,"column":8},"end":{"line":61,"column":9}},"loc":{"start":{"line":61,"column":21},"end":{"line":63,"column":9}},"line":61},"2":{"name":"(anonymous_2)","decl":{"start":{"line":85,"column":13},"end":{"line":85,"column":14}},"loc":{"start":{"line":85,"column":35},"end":{"line":93,"column":1}},"line":85},"3":{"name":"(anonymous_3)","decl":{"start":{"line":86,"column":35},"end":{"line":86,"column":36}},"loc":{"start":{"line":86,"column":55},"end":{"line":92,"column":3}},"line":86},"4":{"name":"(anonymous_4)","decl":{"start":{"line":95,"column":16},"end":{"line":95,"column":17}},"loc":{"start":{"line":95,"column":45},"end":{"line":102,"column":1}},"line":95},"5":{"name":"(anonymous_5)","decl":{"start":{"line":96,"column":30},"end":{"line":96,"column":31}},"loc":{"start":{"line":96,"column":45},"end":{"line":101,"column":3}},"line":96},"6":{"name":"(anonymous_6)","decl":{"start":{"line":104,"column":23},"end":{"line":104,"column":24}},"loc":{"start":{"line":104,"column":39},"end":{"line":111,"column":1}},"line":104},"7":{"name":"(anonymous_7)","decl":{"start":{"line":113,"column":37},"end":{"line":113,"column":38}},"loc":{"start":{"line":113,"column":68},"end":{"line":117,"column":1}},"line":113},"8":{"name":"(anonymous_8)","decl":{"start":{"line":114,"column":49},"end":{"line":114,"column":50}},"loc":{"start":{"line":115,"column":4},"end":{"line":115,"column":37}},"line":115}},"branchMap":{"0":{"loc":{"start":{"line":52,"column":17},"end":{"line":52,"column":53}},"type":"cond-expr","locations":[{"start":{"line":52,"column":28},"end":{"line":52,"column":32}},{"start":{"line":52,"column":35},"end":{"line":52,"column":53}}],"line":52},"1":{"loc":{"start":{"line":62,"column":17},"end":{"line":62,"column":53}},"type":"cond-expr","locations":[{"start":{"line":62,"column":28},"end":{"line":62,"column":32}},{"start":{"line":62,"column":35},"end":{"line":62,"column":53}}],"line":62},"2":{"loc":{"start":{"line":87,"column":4},"end":{"line":89,"column":5}},"type":"if","locations":[{"start":{"line":87,"column":4},"end":{"line":89,"column":5}},{"start":{"line":87,"column":4},"end":{"line":89,"column":5}}],"line":87},"3":{"loc":{"start":{"line":97,"column":4},"end":{"line":99,"column":5}},"type":"if","locations":[{"start":{"line":97,"column":4},"end":{"line":99,"column":5}},{"start":{"line":97,"column":4},"end":{"line":99,"column":5}}],"line":97},"4":{"loc":{"start":{"line":107,"column":2},"end":{"line":109,"column":3}},"type":"if","locations":[{"start":{"line":107,"column":2},"end":{"line":109,"column":3}},{"start":{"line":107,"column":2},"end":{"line":109,"column":3}}],"line":107},"5":{"loc":{"start":{"line":115,"column":4},"end":{"line":115,"column":37}},"type":"cond-expr","locations":[{"start":{"line":115,"column":10},"end":{"line":115,"column":17}},{"start":{"line":115,"column":20},"end":{"line":115,"column":37}}],"line":115}},"s":{"0":1,"1":1,"2":1,"3":1,"4":1,"5":3,"6":3,"7":1,"8":5,"9":5,"10":0,"11":5,"12":5,"13":1,"14":5,"15":5,"16":0,"17":5,"18":1,"19":11,"20":11,"21":11,"22":6,"23":5,"24":1,"25":7,"26":7,"27":1,"28":1},"f":{"0":3,"1":3,"2":5,"3":5,"4":5,"5":5,"6":11,"7":7,"8":7},"b":{"0":[0,3],"1":[0,3],"2":[0,5],"3":[0,5],"4":[6,5],"5":[0,7]},"_coverageSchema":"1a1c01bbd47fc00a2c39e90264f33305004495a9","hash":"c487904c44741c517d5ae2fdd38bd7a23d57f82c","contentHash":"8f966030f1811b40f37c698daca0a79291df365c2d8fa22521b90273030f890e"},"/Users/nanjundamurthy/Desktop/TimeSheetAppNodeService/server.js":{"path":"/Users/nanjundamurthy/Desktop/TimeSheetAppNodeService/server.js","statementMap":{"0":{"start":{"line":1,"column":0},"end":{"line":1,"column":31}},"1":{"start":{"line":2,"column":16},"end":{"line":2,"column":34}},"2":{"start":{"line":3,"column":19},"end":{"line":3,"column":41}},"3":{"start":{"line":4,"column":15},"end":{"line":4,"column":32}},"4":{"start":{"line":5,"column":20},"end":{"line":5,"column":42}},"5":{"start":{"line":6,"column":15},"end":{"line":6,"column":32}},"6":{"start":{"line":7,"column":13},"end":{"line":7,"column":28}},"7":{"start":{"line":8,"column":17},"end":{"line":8,"column":36}},"8":{"start":{"line":9,"column":12},"end":{"line":9,"column":21}},"9":{"start":{"line":10,"column":13},"end":{"line":10,"column":28}},"10":{"start":{"line":11,"column":18},"end":{"line":11,"column":43}},"11":{"start":{"line":12,"column":13},"end":{"line":12,"column":28}},"12":{"start":{"line":15,"column":0},"end":{"line":15,"column":41}},"13":{"start":{"line":18,"column":0},"end":{"line":20,"column":1}},"14":{"start":{"line":19,"column":2},"end":{"line":19,"column":24}},"15":{"start":{"line":23,"column":0},"end":{"line":34,"column":1}},"16":{"start":{"line":24,"column":30},"end":{"line":24,"column":60}},"17":{"start":{"line":25,"column":16},"end":{"line":32,"column":4}},"18":{"start":{"line":33,"column":2},"end":{"line":33,"column":16}},"19":{"start":{"line":37,"column":0},"end":{"line":41,"column":1}},"20":{"start":{"line":43,"column":0},"end":{"line":48,"column":1}},"21":{"start":{"line":51,"column":0},"end":{"line":56,"column":2}},"22":{"start":{"line":57,"column":0},"end":{"line":57,"column":18}},"23":{"start":{"line":60,"column":0},"end":{"line":60,"column":15}},"24":{"start":{"line":61,"column":0},"end":{"line":61,"column":30}},"25":{"start":{"line":62,"column":0},"end":{"line":62,"column":22}},"26":{"start":{"line":63,"column":0},"end":{"line":63,"column":17}},"27":{"start":{"line":64,"column":0},"end":{"line":64,"column":33}},"28":{"start":{"line":65,"column":0},"end":{"line":65,"column":47}},"29":{"start":{"line":66,"column":0},"end":{"line":66,"column":45}},"30":{"start":{"line":67,"column":0},"end":{"line":67,"column":30}},"31":{"start":{"line":68,"column":0},"end":{"line":68,"column":32}},"32":{"start":{"line":69,"column":0},"end":{"line":69,"column":27}},"33":{"start":{"line":72,"column":0},"end":{"line":72,"column":11}},"34":{"start":{"line":74,"column":0},"end":{"line":74,"column":20}}},"fnMap":{},"branchMap":{"0":{"loc":{"start":{"line":15,"column":16},"end":{"line":15,"column":40}},"type":"binary-expr","locations":[{"start":{"line":15,"column":16},"end":{"line":15,"column":32}},{"start":{"line":15,"column":36},"end":{"line":15,"column":40}}],"line":15},"1":{"loc":{"start":{"line":18,"column":0},"end":{"line":20,"column":1}},"type":"if","locations":[{"start":{"line":18,"column":0},"end":{"line":20,"column":1}},{"start":{"line":18,"column":0},"end":{"line":20,"column":1}}],"line":18},"2":{"loc":{"start":{"line":23,"column":0},"end":{"line":34,"column":1}},"type":"if","locations":[{"start":{"line":23,"column":0},"end":{"line":34,"column":1}},{"start":{"line":23,"column":0},"end":{"line":34,"column":1}}],"line":23}},"s":{"0":1,"1":1,"2":1,"3":1,"4":1,"5":1,"6":1,"7":1,"8":1,"9":1,"10":1,"11":1,"12":1,"13":1,"14":0,"15":1,"16":0,"17":0,"18":0,"19":1,"20":1,"21":1,"22":1,"23":1,"24":1,"25":1,"26":1,"27":1,"28":1,"29":1,"30":1,"31":1,"32":1,"33":1,"34":1},"f":{},"b":{"0":[1,0],"1":[0,1],"2":[0,1]},"_coverageSchema":"1a1c01bbd47fc00a2c39e90264f33305004495a9","hash":"42fa8d05179940ee2c02d2dd9b56adc2c4da5222","contentHash":"35af6c9a691911951df628b6bae0cb74c87591ec33e16bc762ce9f2991154483"},"/Users/nanjundamurthy/Desktop/TimeSheetAppNodeService/config/mongo.js":{"path":"/Users/nanjundamurthy/Desktop/TimeSheetAppNodeService/config/mongo.js","statementMap":{"0":{"start":{"line":1,"column":17},"end":{"line":1,"column":36}},"1":{"start":{"line":2,"column":15},"end":{"line":2,"column":36}},"2":{"start":{"line":3,"column":19},"end":{"line":3,"column":43}},"3":{"start":{"line":5,"column":0},"end":{"line":42,"column":1}},"4":{"start":{"line":6,"column":18},"end":{"line":35,"column":3}},"5":{"start":{"line":7,"column":4},"end":{"line":7,"column":37}},"6":{"start":{"line":9,"column":4},"end":{"line":32,"column":5}},"7":{"start":{"line":17,"column":23},"end":{"line":17,"column":25}},"8":{"start":{"line":18,"column":8},"end":{"line":20,"column":9}},"9":{"start":{"line":19,"column":10},"end":{"line":19,"column":90}},"10":{"start":{"line":21,"column":8},"end":{"line":21,"column":75}},"11":{"start":{"line":22,"column":8},"end":{"line":30,"column":9}},"12":{"start":{"line":24,"column":10},"end":{"line":24,"column":53}},"13":{"start":{"line":25,"column":10},"end":{"line":25,"column":45}},"14":{"start":{"line":26,"column":10},"end":{"line":26,"column":63}},"15":{"start":{"line":27,"column":10},"end":{"line":27,"column":63}},"16":{"start":{"line":28,"column":10},"end":{"line":28,"column":47}},"17":{"start":{"line":29,"column":10},"end":{"line":29,"column":31}},"18":{"start":{"line":33,"column":4},"end":{"line":33,"column":40}},"19":{"start":{"line":34,"column":4},"end":{"line":34,"column":43}},"20":{"start":{"line":36,"column":2},"end":{"line":36,"column":11}},"21":{"start":{"line":38,"column":2},"end":{"line":38,"column":46}},"22":{"start":{"line":39,"column":2},"end":{"line":39,"column":49}},"23":{"start":{"line":41,"column":2},"end":{"line":41,"column":14}}},"fnMap":{"0":{"name":"(anonymous_0)","decl":{"start":{"line":5,"column":17},"end":{"line":5,"column":18}},"loc":{"start":{"line":5,"column":23},"end":{"line":42,"column":1}},"line":5},"1":{"name":"(anonymous_1)","decl":{"start":{"line":6,"column":18},"end":{"line":6,"column":19}},"loc":{"start":{"line":6,"column":24},"end":{"line":35,"column":3}},"line":6},"2":{"name":"(anonymous_2)","decl":{"start":{"line":16,"column":6},"end":{"line":16,"column":7}},"loc":{"start":{"line":16,"column":15},"end":{"line":31,"column":7}},"line":16}},"branchMap":{"0":{"loc":{"start":{"line":18,"column":8},"end":{"line":20,"column":9}},"type":"if","locations":[{"start":{"line":18,"column":8},"end":{"line":20,"column":9}},{"start":{"line":18,"column":8},"end":{"line":20,"column":9}}],"line":18},"1":{"loc":{"start":{"line":22,"column":8},"end":{"line":30,"column":9}},"type":"if","locations":[{"start":{"line":22,"column":8},"end":{"line":30,"column":9}},{"start":{"line":22,"column":8},"end":{"line":30,"column":9}}],"line":22},"2":{"loc":{"start":{"line":26,"column":36},"end":{"line":26,"column":60}},"type":"binary-expr","locations":[{"start":{"line":26,"column":36},"end":{"line":26,"column":52}},{"start":{"line":26,"column":56},"end":{"line":26,"column":60}}],"line":26}},"s":{"0":1,"1":1,"2":1,"3":1,"4":1,"5":1,"6":1,"7":1,"8":1,"9":0,"10":1,"11":1,"12":0,"13":0,"14":0,"15":0,"16":0,"17":0,"18":1,"19":1,"20":1,"21":1,"22":1,"23":1},"f":{"0":1,"1":1,"2":1},"b":{"0":[0,1],"1":[0,1],"2":[0,0]},"_coverageSchema":"1a1c01bbd47fc00a2c39e90264f33305004495a9","hash":"e43d46cb37c46ef52633cba5bf75e1014c5e0c15","contentHash":"9b8996af3c9290823acbc4fad0172f1fec30bc5d581245253086b7ce195d264a"},"/Users/nanjundamurthy/Desktop/TimeSheetAppNodeService/app/models/index.js":{"path":"/Users/nanjundamurthy/Desktop/TimeSheetAppNodeService/app/models/index.js","statementMap":{"0":{"start":{"line":1,"column":11},"end":{"line":1,"column":24}},"1":{"start":{"line":2,"column":19},"end":{"line":2,"column":34}},"2":{"start":{"line":3,"column":36},"end":{"line":3,"column":66}},"3":{"start":{"line":5,"column":0},"end":{"line":17,"column":1}},"4":{"start":{"line":11,"column":2},"end":{"line":16,"column":4}},"5":{"start":{"line":13,"column":22},"end":{"line":13,"column":51}},"6":{"start":{"line":15,"column":4},"end":{"line":15,"column":65}}},"fnMap":{"0":{"name":"(anonymous_0)","decl":{"start":{"line":5,"column":17},"end":{"line":5,"column":18}},"loc":{"start":{"line":5,"column":23},"end":{"line":17,"column":1}},"line":5},"1":{"name":"(anonymous_1)","decl":{"start":{"line":11,"column":36},"end":{"line":11,"column":37}},"loc":{"start":{"line":11,"column":46},"end":{"line":16,"column":3}},"line":11}},"branchMap":{"0":{"loc":{"start":{"line":15,"column":11},"end":{"line":15,"column":65}},"type":"cond-expr","locations":[{"start":{"line":15,"column":35},"end":{"line":15,"column":60}},{"start":{"line":15,"column":63},"end":{"line":15,"column":65}}],"line":15}},"s":{"0":1,"1":1,"2":1,"3":1,"4":1,"5":13,"6":13},"f":{"0":1,"1":13},"b":{"0":[12,1]},"_coverageSchema":"1a1c01bbd47fc00a2c39e90264f33305004495a9","hash":"028ef1a45afe7d8f71e8df69049060b4e28a231c","contentHash":"a54e8f9fb9313a1e36da5eea722e5b85e0a976d20272663c2d5345de7ef8964d"},"/Users/nanjundamurthy/Desktop/TimeSheetAppNodeService/app/middleware/utils.js":{"path":"/Users/nanjundamurthy/Desktop/TimeSheetAppNodeService/app/middleware/utils.js","statementMap":{"0":{"start":{"line":1,"column":17},"end":{"line":1,"column":36}},"1":{"start":{"line":2,"column":18},"end":{"line":2,"column":39}},"2":{"start":{"line":3,"column":29},"end":{"line":3,"column":57}},"3":{"start":{"line":9,"column":0},"end":{"line":11,"column":1}},"4":{"start":{"line":10,"column":2},"end":{"line":10,"column":58}},"5":{"start":{"line":17,"column":0},"end":{"line":17,"column":51}},"6":{"start":{"line":17,"column":25},"end":{"line":17,"column":51}},"7":{"start":{"line":23,"column":0},"end":{"line":23,"column":59}},"8":{"start":{"line":23,"column":34},"end":{"line":23,"column":59}},"9":{"start":{"line":29,"column":0},"end":{"line":30,"column":66}},"10":{"start":{"line":30,"column":2},"end":{"line":30,"column":66}},"11":{"start":{"line":37,"column":0},"end":{"line":48,"column":1}},"12":{"start":{"line":39,"column":2},"end":{"line":41,"column":3}},"13":{"start":{"line":40,"column":4},"end":{"line":40,"column":20}},"14":{"start":{"line":43,"column":2},"end":{"line":47,"column":4}},"15":{"start":{"line":55,"column":0},"end":{"line":60,"column":1}},"16":{"start":{"line":56,"column":2},"end":{"line":59,"column":3}},"17":{"start":{"line":68,"column":0},"end":{"line":78,"column":1}},"18":{"start":{"line":69,"column":2},"end":{"line":77,"column":3}},"19":{"start":{"line":70,"column":4},"end":{"line":70,"column":33}},"20":{"start":{"line":71,"column":4},"end":{"line":73,"column":5}},"21":{"start":{"line":72,"column":6},"end":{"line":72,"column":51}},"22":{"start":{"line":74,"column":4},"end":{"line":74,"column":17}},"23":{"start":{"line":76,"column":4},"end":{"line":76,"column":71}},"24":{"start":{"line":84,"column":0},"end":{"line":88,"column":1}},"25":{"start":{"line":85,"column":2},"end":{"line":87,"column":3}},"26":{"start":{"line":94,"column":0},"end":{"line":101,"column":1}},"27":{"start":{"line":95,"column":2},"end":{"line":100,"column":4}},"28":{"start":{"line":96,"column":19},"end":{"line":96,"column":54}},"29":{"start":{"line":97,"column":4},"end":{"line":99,"column":56}},"30":{"start":{"line":110,"column":0},"end":{"line":117,"column":1}},"31":{"start":{"line":111,"column":2},"end":{"line":113,"column":3}},"32":{"start":{"line":112,"column":4},"end":{"line":112,"column":49}},"33":{"start":{"line":114,"column":2},"end":{"line":116,"column":3}},"34":{"start":{"line":115,"column":4},"end":{"line":115,"column":45}},"35":{"start":{"line":126,"column":0},"end":{"line":133,"column":1}},"36":{"start":{"line":127,"column":2},"end":{"line":129,"column":3}},"37":{"start":{"line":128,"column":4},"end":{"line":128,"column":49}},"38":{"start":{"line":130,"column":2},"end":{"line":132,"column":3}},"39":{"start":{"line":131,"column":4},"end":{"line":131,"column":45}}},"fnMap":{"0":{"name":"(anonymous_0)","decl":{"start":{"line":9,"column":34},"end":{"line":9,"column":35}},"loc":{"start":{"line":9,"column":44},"end":{"line":11,"column":1}},"line":9},"1":{"name":"(anonymous_1)","decl":{"start":{"line":17,"column":16},"end":{"line":17,"column":17}},"loc":{"start":{"line":17,"column":25},"end":{"line":17,"column":51}},"line":17},"2":{"name":"(anonymous_2)","decl":{"start":{"line":23,"column":25},"end":{"line":23,"column":26}},"loc":{"start":{"line":23,"column":34},"end":{"line":23,"column":59}},"line":23},"3":{"name":"(anonymous_3)","decl":{"start":{"line":29,"column":21},"end":{"line":29,"column":22}},"loc":{"start":{"line":30,"column":2},"end":{"line":30,"column":66}},"line":30},"4":{"name":"(anonymous_4)","decl":{"start":{"line":37,"column":22},"end":{"line":37,"column":23}},"loc":{"start":{"line":37,"column":36},"end":{"line":48,"column":1}},"line":37},"5":{"name":"(anonymous_5)","decl":{"start":{"line":55,"column":25},"end":{"line":55,"column":26}},"loc":{"start":{"line":55,"column":44},"end":{"line":60,"column":1}},"line":55},"6":{"name":"(anonymous_6)","decl":{"start":{"line":68,"column":27},"end":{"line":68,"column":28}},"loc":{"start":{"line":68,"column":47},"end":{"line":78,"column":1}},"line":68},"7":{"name":"(anonymous_7)","decl":{"start":{"line":84,"column":26},"end":{"line":84,"column":27}},"loc":{"start":{"line":84,"column":39},"end":{"line":88,"column":1}},"line":84},"8":{"name":"(anonymous_8)","decl":{"start":{"line":94,"column":19},"end":{"line":94,"column":20}},"loc":{"start":{"line":94,"column":33},"end":{"line":101,"column":1}},"line":94},"9":{"name":"(anonymous_9)","decl":{"start":{"line":95,"column":21},"end":{"line":95,"column":22}},"loc":{"start":{"line":95,"column":42},"end":{"line":100,"column":3}},"line":95},"10":{"name":"(anonymous_10)","decl":{"start":{"line":110,"column":23},"end":{"line":110,"column":24}},"loc":{"start":{"line":110,"column":55},"end":{"line":117,"column":1}},"line":110},"11":{"name":"(anonymous_11)","decl":{"start":{"line":126,"column":28},"end":{"line":126,"column":29}},"loc":{"start":{"line":126,"column":60},"end":{"line":133,"column":1}},"line":126}},"branchMap":{"0":{"loc":{"start":{"line":30,"column":2},"end":{"line":30,"column":66}},"type":"cond-expr","locations":[{"start":{"line":30,"column":32},"end":{"line":30,"column":59}},{"start":{"line":30,"column":62},"end":{"line":30,"column":66}}],"line":30},"1":{"loc":{"start":{"line":39,"column":2},"end":{"line":41,"column":3}},"type":"if","locations":[{"start":{"line":39,"column":2},"end":{"line":41,"column":3}},{"start":{"line":39,"column":2},"end":{"line":41,"column":3}}],"line":39},"2":{"loc":{"start":{"line":71,"column":4},"end":{"line":73,"column":5}},"type":"if","locations":[{"start":{"line":71,"column":4},"end":{"line":73,"column":5}},{"start":{"line":71,"column":4},"end":{"line":73,"column":5}}],"line":71},"3":{"loc":{"start":{"line":97,"column":11},"end":{"line":99,"column":56}},"type":"cond-expr","locations":[{"start":{"line":98,"column":8},"end":{"line":98,"column":19}},{"start":{"line":99,"column":8},"end":{"line":99,"column":56}}],"line":97},"4":{"loc":{"start":{"line":111,"column":2},"end":{"line":113,"column":3}},"type":"if","locations":[{"start":{"line":111,"column":2},"end":{"line":113,"column":3}},{"start":{"line":111,"column":2},"end":{"line":113,"column":3}}],"line":111},"5":{"loc":{"start":{"line":114,"column":2},"end":{"line":116,"column":3}},"type":"if","locations":[{"start":{"line":114,"column":2},"end":{"line":116,"column":3}},{"start":{"line":114,"column":2},"end":{"line":116,"column":3}}],"line":114},"6":{"loc":{"start":{"line":127,"column":2},"end":{"line":129,"column":3}},"type":"if","locations":[{"start":{"line":127,"column":2},"end":{"line":129,"column":3}},{"start":{"line":127,"column":2},"end":{"line":129,"column":3}}],"line":127},"7":{"loc":{"start":{"line":130,"column":2},"end":{"line":132,"column":3}},"type":"if","locations":[{"start":{"line":130,"column":2},"end":{"line":132,"column":3}},{"start":{"line":130,"column":2},"end":{"line":132,"column":3}}],"line":130}},"s":{"0":1,"1":1,"2":1,"3":1,"4":26,"5":1,"6":8,"7":1,"8":8,"9":1,"10":8,"11":1,"12":14,"13":0,"14":14,"15":1,"16":14,"17":1,"18":35,"19":35,"20":26,"21":11,"22":26,"23":9,"24":1,"25":4,"26":1,"27":12,"28":12,"29":12,"30":1,"31":50,"32":0,"33":50,"34":0,"35":1,"36":11,"37":0,"38":11,"39":3},"f":{"0":26,"1":8,"2":8,"3":8,"4":14,"5":14,"6":35,"7":4,"8":12,"9":12,"10":50,"11":11},"b":{"0":[0,8],"1":[0,14],"2":[11,15],"3":[12,0],"4":[0,50],"5":[0,50],"6":[0,11],"7":[3,8]},"_coverageSchema":"1a1c01bbd47fc00a2c39e90264f33305004495a9","hash":"f0432e11319e051f7d446a6dc9afd873d79707a9","contentHash":"c47866a9b98c26cbe9c953266988da895c0c9fa7a79baaccd966fa58c6382540"},"/Users/nanjundamurthy/Desktop/TimeSheetAppNodeService/app/routes/index.js":{"path":"/Users/nanjundamurthy/Desktop/TimeSheetAppNodeService/app/routes/index.js","statementMap":{"0":{"start":{"line":1,"column":16},"end":{"line":1,"column":34}},"1":{"start":{"line":2,"column":15},"end":{"line":2,"column":31}},"2":{"start":{"line":3,"column":11},"end":{"line":3,"column":24}},"3":{"start":{"line":4,"column":19},"end":{"line":4,"column":34}},"4":{"start":{"line":5,"column":36},"end":{"line":5,"column":66}},"5":{"start":{"line":12,"column":0},"end":{"line":12,"column":34}},"6":{"start":{"line":15,"column":0},"end":{"line":22,"column":2}},"7":{"start":{"line":17,"column":20},"end":{"line":17,"column":49}},"8":{"start":{"line":19,"column":2},"end":{"line":21,"column":8}},"9":{"start":{"line":27,"column":0},"end":{"line":29,"column":2}},"10":{"start":{"line":28,"column":2},"end":{"line":28,"column":21}},"11":{"start":{"line":34,"column":0},"end":{"line":40,"column":2}},"12":{"start":{"line":35,"column":2},"end":{"line":39,"column":4}},"13":{"start":{"line":42,"column":0},"end":{"line":42,"column":23}}},"fnMap":{"0":{"name":"(anonymous_0)","decl":{"start":{"line":15,"column":34},"end":{"line":15,"column":35}},"loc":{"start":{"line":15,"column":44},"end":{"line":22,"column":1}},"line":15},"1":{"name":"(anonymous_1)","decl":{"start":{"line":27,"column":16},"end":{"line":27,"column":17}},"loc":{"start":{"line":27,"column":30},"end":{"line":29,"column":1}},"line":27},"2":{"name":"(anonymous_2)","decl":{"start":{"line":34,"column":16},"end":{"line":34,"column":17}},"loc":{"start":{"line":34,"column":30},"end":{"line":40,"column":1}},"line":34}},"branchMap":{"0":{"loc":{"start":{"line":19,"column":9},"end":{"line":21,"column":8}},"type":"cond-expr","locations":[{"start":{"line":20,"column":6},"end":{"line":20,"column":60}},{"start":{"line":21,"column":6},"end":{"line":21,"column":8}}],"line":19},"1":{"loc":{"start":{"line":19,"column":9},"end":{"line":19,"column":54}},"type":"binary-expr","locations":[{"start":{"line":19,"column":9},"end":{"line":19,"column":30}},{"start":{"line":19,"column":34},"end":{"line":19,"column":54}}],"line":19}},"s":{"0":1,"1":1,"2":1,"3":1,"4":1,"5":1,"6":1,"7":13,"8":13,"9":1,"10":1,"11":1,"12":1,"13":1},"f":{"0":13,"1":1,"2":1},"b":{"0":[11,2],"1":[13,12]},"_coverageSchema":"1a1c01bbd47fc00a2c39e90264f33305004495a9","hash":"2599943667826d336f34608a737bc0d588538e15","contentHash":"1cf7f0c56db7e4b41703af4d895db7cfc3706aa043c28eebd1e544270fa67e14"},"/Users/nanjundamurthy/Desktop/TimeSheetAppNodeService/app/routes/auth.js":{"path":"/Users/nanjundamurthy/Desktop/TimeSheetAppNodeService/app/routes/auth.js","statementMap":{"0":{"start":{"line":1,"column":19},"end":{"line":1,"column":49}},"1":{"start":{"line":2,"column":17},"end":{"line":2,"column":56}},"2":{"start":{"line":3,"column":23},"end":{"line":3,"column":53}},"3":{"start":{"line":4,"column":16},"end":{"line":4,"column":34}},"4":{"start":{"line":5,"column":15},"end":{"line":5,"column":31}},"5":{"start":{"line":6,"column":0},"end":{"line":6,"column":32}},"6":{"start":{"line":7,"column":17},"end":{"line":7,"column":36}},"7":{"start":{"line":8,"column":20},"end":{"line":10,"column":2}},"8":{"start":{"line":11,"column":20},"end":{"line":11,"column":43}},"9":{"start":{"line":20,"column":0},"end":{"line":25,"column":1}},"10":{"start":{"line":30,"column":0},"end":{"line":30,"column":75}},"11":{"start":{"line":35,"column":0},"end":{"line":40,"column":1}},"12":{"start":{"line":45,"column":0},"end":{"line":50,"column":1}},"13":{"start":{"line":55,"column":0},"end":{"line":61,"column":1}},"14":{"start":{"line":66,"column":0},"end":{"line":66,"column":72}},"15":{"start":{"line":68,"column":0},"end":{"line":68,"column":23}}},"fnMap":{},"branchMap":{},"s":{"0":1,"1":1,"2":1,"3":1,"4":1,"5":1,"6":1,"7":1,"8":1,"9":1,"10":1,"11":1,"12":1,"13":1,"14":1,"15":1},"f":{},"b":{},"_coverageSchema":"1a1c01bbd47fc00a2c39e90264f33305004495a9","hash":"33eae79392864c1febaf9ff0311a45e316ce38f4","contentHash":"515c32c7303a399c24e079777588067d260b06bb36f5f005316a7f374f570482"},"/Users/nanjundamurthy/Desktop/TimeSheetAppNodeService/app/controllers/auth.js":{"path":"/Users/nanjundamurthy/Desktop/TimeSheetAppNodeService/app/controllers/auth.js","statementMap":{"0":{"start":{"line":1,"column":12},"end":{"line":1,"column":35}},"1":{"start":{"line":2,"column":13},"end":{"line":2,"column":38}},"2":{"start":{"line":3,"column":19},"end":{"line":3,"column":50}},"3":{"start":{"line":4,"column":23},"end":{"line":4,"column":58}},"4":{"start":{"line":5,"column":14},"end":{"line":5,"column":44}},"5":{"start":{"line":6,"column":13},"end":{"line":6,"column":28}},"6":{"start":{"line":7,"column":21},"end":{"line":7,"column":40}},"7":{"start":{"line":8,"column":24},"end":{"line":8,"column":52}},"8":{"start":{"line":9,"column":13},"end":{"line":9,"column":42}},"9":{"start":{"line":10,"column":16},"end":{"line":10,"column":48}},"10":{"start":{"line":11,"column":23},"end":{"line":11,"column":24}},"11":{"start":{"line":12,"column":23},"end":{"line":12,"column":24}},"12":{"start":{"line":22,"column":22},"end":{"line":39,"column":1}},"13":{"start":{"line":25,"column":4},"end":{"line":25,"column":78}},"14":{"start":{"line":28,"column":2},"end":{"line":38,"column":3}},"15":{"start":{"line":45,"column":20},"end":{"line":61,"column":1}},"16":{"start":{"line":46,"column":13},"end":{"line":52,"column":3}},"17":{"start":{"line":54,"column":2},"end":{"line":59,"column":3}},"18":{"start":{"line":55,"column":4},"end":{"line":58,"column":5}},"19":{"start":{"line":60,"column":2},"end":{"line":60,"column":13}},"20":{"start":{"line":68,"column":37},"end":{"line":88,"column":1}},"21":{"start":{"line":69,"column":2},"end":{"line":87,"column":4}},"22":{"start":{"line":70,"column":23},"end":{"line":75,"column":6}},"23":{"start":{"line":76,"column":4},"end":{"line":86,"column":6}},"24":{"start":{"line":77,"column":6},"end":{"line":79,"column":7}},"25":{"start":{"line":78,"column":8},"end":{"line":78,"column":54}},"26":{"start":{"line":80,"column":23},"end":{"line":80,"column":40}},"27":{"start":{"line":82,"column":6},"end":{"line":85,"column":8}},"28":{"start":{"line":94,"column":18},"end":{"line":106,"column":1}},"29":{"start":{"line":95,"column":2},"end":{"line":105,"column":4}},"30":{"start":{"line":96,"column":4},"end":{"line":96,"column":60}},"31":{"start":{"line":97,"column":4},"end":{"line":104,"column":6}},"32":{"start":{"line":98,"column":6},"end":{"line":100,"column":7}},"33":{"start":{"line":99,"column":8},"end":{"line":99,"column":54}},"34":{"start":{"line":101,"column":6},"end":{"line":103,"column":7}},"35":{"start":{"line":102,"column":8},"end":{"line":102,"column":58}},"36":{"start":{"line":112,"column":30},"end":{"line":123,"column":1}},"37":{"start":{"line":113,"column":2},"end":{"line":122,"column":4}},"38":{"start":{"line":114,"column":4},"end":{"line":121,"column":6}},"39":{"start":{"line":115,"column":6},"end":{"line":117,"column":7}},"40":{"start":{"line":116,"column":8},"end":{"line":116,"column":54}},"41":{"start":{"line":118,"column":6},"end":{"line":120,"column":7}},"42":{"start":{"line":119,"column":8},"end":{"line":119,"column":21}},"43":{"start":{"line":129,"column":23},"end":{"line":130,"column":72}},"44":{"start":{"line":130,"column":2},"end":{"line":130,"column":72}},"45":{"start":{"line":136,"column":42},"end":{"line":154,"column":1}},"46":{"start":{"line":137,"column":2},"end":{"line":153,"column":4}},"47":{"start":{"line":139,"column":4},"end":{"line":152,"column":5}},"48":{"start":{"line":140,"column":6},"end":{"line":140,"column":28}},"49":{"start":{"line":141,"column":6},"end":{"line":148,"column":8}},"50":{"start":{"line":142,"column":8},"end":{"line":144,"column":9}},"51":{"start":{"line":143,"column":10},"end":{"line":143,"column":56}},"52":{"start":{"line":145,"column":8},"end":{"line":147,"column":9}},"53":{"start":{"line":146,"column":10},"end":{"line":146,"column":23}},"54":{"start":{"line":151,"column":6},"end":{"line":151,"column":19}},"55":{"start":{"line":160,"column":22},"end":{"line":167,"column":1}},"56":{"start":{"line":161,"column":2},"end":{"line":166,"column":4}},"57":{"start":{"line":162,"column":4},"end":{"line":164,"column":5}},"58":{"start":{"line":163,"column":6},"end":{"line":163,"column":55}},"59":{"start":{"line":165,"column":4},"end":{"line":165,"column":17}},"60":{"start":{"line":173,"column":17},"end":{"line":186,"column":1}},"61":{"start":{"line":174,"column":2},"end":{"line":185,"column":4}},"62":{"start":{"line":175,"column":4},"end":{"line":184,"column":5}},"63":{"start":{"line":181,"column":8},"end":{"line":181,"column":68}},"64":{"start":{"line":182,"column":8},"end":{"line":182,"column":21}},"65":{"start":{"line":192,"column":21},"end":{"line":199,"column":1}},"66":{"start":{"line":193,"column":2},"end":{"line":198,"column":4}},"67":{"start":{"line":194,"column":4},"end":{"line":197,"column":6}},"68":{"start":{"line":195,"column":6},"end":{"line":195,"column":66}},"69":{"start":{"line":196,"column":6},"end":{"line":196,"column":19}},"70":{"start":{"line":205,"column":28},"end":{"line":216,"column":1}},"71":{"start":{"line":206,"column":2},"end":{"line":206,"column":25}},"72":{"start":{"line":207,"column":2},"end":{"line":207,"column":35}},"73":{"start":{"line":208,"column":2},"end":{"line":215,"column":4}},"74":{"start":{"line":209,"column":4},"end":{"line":213,"column":5}},"75":{"start":{"line":210,"column":6},"end":{"line":210,"column":58}},"76":{"start":{"line":212,"column":6},"end":{"line":212,"column":30}},"77":{"start":{"line":214,"column":4},"end":{"line":214,"column":46}},"78":{"start":{"line":222,"column":21},"end":{"line":237,"column":1}},"79":{"start":{"line":223,"column":2},"end":{"line":236,"column":4}},"80":{"start":{"line":224,"column":17},"end":{"line":229,"column":6}},"81":{"start":{"line":230,"column":4},"end":{"line":235,"column":6}},"82":{"start":{"line":231,"column":6},"end":{"line":233,"column":7}},"83":{"start":{"line":232,"column":8},"end":{"line":232,"column":54}},"84":{"start":{"line":234,"column":6},"end":{"line":234,"column":19}},"85":{"start":{"line":244,"column":28},"end":{"line":253,"column":1}},"86":{"start":{"line":245,"column":2},"end":{"line":247,"column":3}},"87":{"start":{"line":246,"column":4},"end":{"line":246,"column":45}},"88":{"start":{"line":248,"column":15},"end":{"line":251,"column":3}},"89":{"start":{"line":252,"column":2},"end":{"line":252,"column":13}},"90":{"start":{"line":259,"column":27},"end":{"line":272,"column":1}},"91":{"start":{"line":260,"column":2},"end":{"line":271,"column":4}},"92":{"start":{"line":261,"column":4},"end":{"line":270,"column":5}},"93":{"start":{"line":267,"column":8},"end":{"line":267,"column":78}},"94":{"start":{"line":268,"column":8},"end":{"line":268,"column":21}},"95":{"start":{"line":278,"column":19},"end":{"line":291,"column":1}},"96":{"start":{"line":279,"column":2},"end":{"line":290,"column":4}},"97":{"start":{"line":280,"column":4},"end":{"line":280,"column":24}},"98":{"start":{"line":281,"column":4},"end":{"line":289,"column":6}},"99":{"start":{"line":282,"column":6},"end":{"line":284,"column":7}},"100":{"start":{"line":283,"column":8},"end":{"line":283,"column":54}},"101":{"start":{"line":285,"column":6},"end":{"line":288,"column":8}},"102":{"start":{"line":298,"column":32},"end":{"line":309,"column":1}},"103":{"start":{"line":299,"column":2},"end":{"line":308,"column":4}},"104":{"start":{"line":300,"column":4},"end":{"line":300,"column":22}},"105":{"start":{"line":301,"column":4},"end":{"line":301,"column":39}},"106":{"start":{"line":302,"column":4},"end":{"line":302,"column":53}},"107":{"start":{"line":303,"column":4},"end":{"line":303,"column":49}},"108":{"start":{"line":304,"column":4},"end":{"line":307,"column":6}},"109":{"start":{"line":305,"column":6},"end":{"line":305,"column":56}},"110":{"start":{"line":306,"column":6},"end":{"line":306,"column":56}},"111":{"start":{"line":316,"column":23},"end":{"line":324,"column":1}},"112":{"start":{"line":317,"column":2},"end":{"line":323,"column":4}},"113":{"start":{"line":318,"column":4},"end":{"line":318,"column":28}},"114":{"start":{"line":319,"column":4},"end":{"line":322,"column":6}},"115":{"start":{"line":320,"column":6},"end":{"line":320,"column":56}},"116":{"start":{"line":321,"column":6},"end":{"line":321,"column":19}},"117":{"start":{"line":330,"column":32},"end":{"line":342,"column":1}},"118":{"start":{"line":331,"column":2},"end":{"line":341,"column":4}},"119":{"start":{"line":332,"column":4},"end":{"line":340,"column":5}},"120":{"start":{"line":337,"column":8},"end":{"line":337,"column":58}},"121":{"start":{"line":338,"column":8},"end":{"line":338,"column":21}},"122":{"start":{"line":348,"column":27},"end":{"line":361,"column":1}},"123":{"start":{"line":349,"column":2},"end":{"line":360,"column":4}},"124":{"start":{"line":350,"column":4},"end":{"line":359,"column":5}},"125":{"start":{"line":356,"column":8},"end":{"line":356,"column":74}},"126":{"start":{"line":357,"column":8},"end":{"line":357,"column":21}},"127":{"start":{"line":367,"column":27},"end":{"line":383,"column":1}},"128":{"start":{"line":368,"column":2},"end":{"line":382,"column":4}},"129":{"start":{"line":369,"column":19},"end":{"line":375,"column":6}},"130":{"start":{"line":376,"column":4},"end":{"line":381,"column":6}},"131":{"start":{"line":377,"column":6},"end":{"line":379,"column":7}},"132":{"start":{"line":378,"column":8},"end":{"line":378,"column":54}},"133":{"start":{"line":380,"column":6},"end":{"line":380,"column":19}},"134":{"start":{"line":389,"column":31},"end":{"line":401,"column":1}},"135":{"start":{"line":390,"column":13},"end":{"line":393,"column":3}},"136":{"start":{"line":394,"column":2},"end":{"line":399,"column":3}},"137":{"start":{"line":395,"column":4},"end":{"line":398,"column":5}},"138":{"start":{"line":400,"column":2},"end":{"line":400,"column":13}},"139":{"start":{"line":408,"column":25},"end":{"line":418,"column":1}},"140":{"start":{"line":409,"column":2},"end":{"line":417,"column":4}},"141":{"start":{"line":410,"column":4},"end":{"line":416,"column":6}},"142":{"start":{"line":411,"column":6},"end":{"line":411,"column":58}},"143":{"start":{"line":412,"column":6},"end":{"line":414,"column":7}},"144":{"start":{"line":413,"column":8},"end":{"line":413,"column":30}},"145":{"start":{"line":415,"column":6},"end":{"line":415,"column":62}},"146":{"start":{"line":424,"column":27},"end":{"line":434,"column":1}},"147":{"start":{"line":425,"column":2},"end":{"line":433,"column":4}},"148":{"start":{"line":427,"column":4},"end":{"line":432,"column":6}},"149":{"start":{"line":428,"column":6},"end":{"line":430,"column":7}},"150":{"start":{"line":429,"column":8},"end":{"line":429,"column":54}},"151":{"start":{"line":431,"column":6},"end":{"line":431,"column":31}},"152":{"start":{"line":445,"column":0},"end":{"line":463,"column":1}},"153":{"start":{"line":446,"column":2},"end":{"line":462,"column":3}},"154":{"start":{"line":447,"column":17},"end":{"line":447,"column":33}},"155":{"start":{"line":448,"column":17},"end":{"line":448,"column":43}},"156":{"start":{"line":449,"column":4},"end":{"line":449,"column":29}},"157":{"start":{"line":450,"column":4},"end":{"line":450,"column":49}},"158":{"start":{"line":451,"column":28},"end":{"line":451,"column":73}},"159":{"start":{"line":452,"column":4},"end":{"line":459,"column":5}},"160":{"start":{"line":453,"column":6},"end":{"line":453,"column":61}},"161":{"start":{"line":456,"column":6},"end":{"line":456,"column":28}},"162":{"start":{"line":457,"column":6},"end":{"line":457,"column":39}},"163":{"start":{"line":458,"column":6},"end":{"line":458,"column":73}},"164":{"start":{"line":461,"column":4},"end":{"line":461,"column":33}},"165":{"start":{"line":470,"column":0},"end":{"line":486,"column":1}},"166":{"start":{"line":471,"column":2},"end":{"line":485,"column":3}},"167":{"start":{"line":473,"column":19},"end":{"line":473,"column":34}},"168":{"start":{"line":474,"column":4},"end":{"line":474,"column":26}},"169":{"start":{"line":475,"column":28},"end":{"line":475,"column":64}},"170":{"start":{"line":476,"column":4},"end":{"line":482,"column":5}},"171":{"start":{"line":477,"column":19},"end":{"line":477,"column":42}},"172":{"start":{"line":478,"column":23},"end":{"line":478,"column":40}},"173":{"start":{"line":479,"column":23},"end":{"line":479,"column":58}},"174":{"start":{"line":480,"column":6},"end":{"line":480,"column":56}},"175":{"start":{"line":481,"column":6},"end":{"line":481,"column":36}},"176":{"start":{"line":484,"column":4},"end":{"line":484,"column":33}},"177":{"start":{"line":493,"column":0},"end":{"line":501,"column":1}},"178":{"start":{"line":494,"column":2},"end":{"line":500,"column":3}},"179":{"start":{"line":495,"column":4},"end":{"line":495,"column":26}},"180":{"start":{"line":496,"column":17},"end":{"line":496,"column":49}},"181":{"start":{"line":497,"column":4},"end":{"line":497,"column":48}},"182":{"start":{"line":499,"column":4},"end":{"line":499,"column":33}},"183":{"start":{"line":508,"column":0},"end":{"line":520,"column":1}},"184":{"start":{"line":509,"column":2},"end":{"line":519,"column":3}},"185":{"start":{"line":511,"column":19},"end":{"line":511,"column":34}},"186":{"start":{"line":512,"column":17},"end":{"line":512,"column":33}},"187":{"start":{"line":513,"column":4},"end":{"line":513,"column":30}},"188":{"start":{"line":514,"column":17},"end":{"line":514,"column":46}},"189":{"start":{"line":515,"column":4},"end":{"line":515,"column":55}},"190":{"start":{"line":516,"column":4},"end":{"line":516,"column":54}},"191":{"start":{"line":518,"column":4},"end":{"line":518,"column":33}},"192":{"start":{"line":527,"column":0},"end":{"line":538,"column":1}},"193":{"start":{"line":528,"column":2},"end":{"line":537,"column":3}},"194":{"start":{"line":529,"column":17},"end":{"line":529,"column":33}},"195":{"start":{"line":530,"column":27},"end":{"line":530,"column":60}},"196":{"start":{"line":531,"column":17},"end":{"line":531,"column":68}},"197":{"start":{"line":532,"column":4},"end":{"line":532,"column":45}},"198":{"start":{"line":533,"column":19},"end":{"line":533,"column":69}},"199":{"start":{"line":534,"column":4},"end":{"line":534,"column":32}},"200":{"start":{"line":536,"column":4},"end":{"line":536,"column":33}},"201":{"start":{"line":545,"column":0},"end":{"line":560,"column":1}},"202":{"start":{"line":546,"column":2},"end":{"line":559,"column":3}},"203":{"start":{"line":547,"column":27},"end":{"line":549,"column":13}},"204":{"start":{"line":550,"column":17},"end":{"line":550,"column":57}},"205":{"start":{"line":551,"column":4},"end":{"line":551,"column":41}},"206":{"start":{"line":552,"column":17},"end":{"line":552,"column":43}},"207":{"start":{"line":553,"column":18},"end":{"line":553,"column":63}},"208":{"start":{"line":555,"column":4},"end":{"line":555,"column":21}},"209":{"start":{"line":556,"column":4},"end":{"line":556,"column":31}},"210":{"start":{"line":558,"column":4},"end":{"line":558,"column":33}},"211":{"start":{"line":566,"column":0},"end":{"line":576,"column":1}},"212":{"start":{"line":566,"column":39},"end":{"line":576,"column":1}},"213":{"start":{"line":567,"column":2},"end":{"line":575,"column":3}},"214":{"start":{"line":568,"column":17},"end":{"line":571,"column":5}},"215":{"start":{"line":572,"column":4},"end":{"line":572,"column":38}},"216":{"start":{"line":574,"column":4},"end":{"line":574,"column":33}}},"fnMap":{"0":{"name":"(anonymous_0)","decl":{"start":{"line":22,"column":22},"end":{"line":22,"column":23}},"loc":{"start":{"line":22,"column":32},"end":{"line":39,"column":1}},"line":22},"1":{"name":"(anonymous_1)","decl":{"start":{"line":45,"column":20},"end":{"line":45,"column":21}},"loc":{"start":{"line":45,"column":29},"end":{"line":61,"column":1}},"line":45},"2":{"name":"(anonymous_2)","decl":{"start":{"line":68,"column":37},"end":{"line":68,"column":38}},"loc":{"start":{"line":68,"column":58},"end":{"line":88,"column":1}},"line":68},"3":{"name":"(anonymous_3)","decl":{"start":{"line":69,"column":21},"end":{"line":69,"column":22}},"loc":{"start":{"line":69,"column":42},"end":{"line":87,"column":3}},"line":69},"4":{"name":"(anonymous_4)","decl":{"start":{"line":76,"column":20},"end":{"line":76,"column":21}},"loc":{"start":{"line":76,"column":29},"end":{"line":86,"column":5}},"line":76},"5":{"name":"(anonymous_5)","decl":{"start":{"line":94,"column":18},"end":{"line":94,"column":19}},"loc":{"start":{"line":94,"column":34},"end":{"line":106,"column":1}},"line":94},"6":{"name":"(anonymous_6)","decl":{"start":{"line":95,"column":21},"end":{"line":95,"column":22}},"loc":{"start":{"line":95,"column":42},"end":{"line":105,"column":3}},"line":95},"7":{"name":"(anonymous_7)","decl":{"start":{"line":97,"column":14},"end":{"line":97,"column":15}},"loc":{"start":{"line":97,"column":31},"end":{"line":104,"column":5}},"line":97},"8":{"name":"(anonymous_8)","decl":{"start":{"line":112,"column":30},"end":{"line":112,"column":31}},"loc":{"start":{"line":112,"column":46},"end":{"line":123,"column":1}},"line":112},"9":{"name":"(anonymous_9)","decl":{"start":{"line":113,"column":21},"end":{"line":113,"column":22}},"loc":{"start":{"line":113,"column":42},"end":{"line":122,"column":3}},"line":113},"10":{"name":"(anonymous_10)","decl":{"start":{"line":114,"column":14},"end":{"line":114,"column":15}},"loc":{"start":{"line":114,"column":31},"end":{"line":121,"column":5}},"line":114},"11":{"name":"(anonymous_11)","decl":{"start":{"line":129,"column":23},"end":{"line":129,"column":24}},"loc":{"start":{"line":130,"column":2},"end":{"line":130,"column":72}},"line":130},"12":{"name":"(anonymous_12)","decl":{"start":{"line":136,"column":42},"end":{"line":136,"column":43}},"loc":{"start":{"line":136,"column":58},"end":{"line":154,"column":1}},"line":136},"13":{"name":"(anonymous_13)","decl":{"start":{"line":137,"column":21},"end":{"line":137,"column":22}},"loc":{"start":{"line":137,"column":42},"end":{"line":153,"column":3}},"line":137},"14":{"name":"(anonymous_14)","decl":{"start":{"line":141,"column":16},"end":{"line":141,"column":17}},"loc":{"start":{"line":141,"column":33},"end":{"line":148,"column":7}},"line":141},"15":{"name":"(anonymous_15)","decl":{"start":{"line":160,"column":22},"end":{"line":160,"column":23}},"loc":{"start":{"line":160,"column":38},"end":{"line":167,"column":1}},"line":160},"16":{"name":"(anonymous_16)","decl":{"start":{"line":161,"column":21},"end":{"line":161,"column":22}},"loc":{"start":{"line":161,"column":42},"end":{"line":166,"column":3}},"line":161},"17":{"name":"(anonymous_17)","decl":{"start":{"line":173,"column":17},"end":{"line":173,"column":18}},"loc":{"start":{"line":173,"column":34},"end":{"line":186,"column":1}},"line":173},"18":{"name":"(anonymous_18)","decl":{"start":{"line":174,"column":21},"end":{"line":174,"column":22}},"loc":{"start":{"line":174,"column":42},"end":{"line":185,"column":3}},"line":174},"19":{"name":"(anonymous_19)","decl":{"start":{"line":180,"column":6},"end":{"line":180,"column":7}},"loc":{"start":{"line":180,"column":21},"end":{"line":183,"column":7}},"line":180},"20":{"name":"(anonymous_20)","decl":{"start":{"line":192,"column":21},"end":{"line":192,"column":22}},"loc":{"start":{"line":192,"column":39},"end":{"line":199,"column":1}},"line":192},"21":{"name":"(anonymous_21)","decl":{"start":{"line":193,"column":21},"end":{"line":193,"column":22}},"loc":{"start":{"line":193,"column":42},"end":{"line":198,"column":3}},"line":193},"22":{"name":"(anonymous_22)","decl":{"start":{"line":194,"column":26},"end":{"line":194,"column":27}},"loc":{"start":{"line":194,"column":41},"end":{"line":197,"column":5}},"line":194},"23":{"name":"(anonymous_23)","decl":{"start":{"line":205,"column":28},"end":{"line":205,"column":29}},"loc":{"start":{"line":205,"column":44},"end":{"line":216,"column":1}},"line":205},"24":{"name":"(anonymous_24)","decl":{"start":{"line":208,"column":21},"end":{"line":208,"column":22}},"loc":{"start":{"line":208,"column":42},"end":{"line":215,"column":3}},"line":208},"25":{"name":"(anonymous_25)","decl":{"start":{"line":222,"column":21},"end":{"line":222,"column":22}},"loc":{"start":{"line":222,"column":36},"end":{"line":237,"column":1}},"line":222},"26":{"name":"(anonymous_26)","decl":{"start":{"line":223,"column":21},"end":{"line":223,"column":22}},"loc":{"start":{"line":223,"column":42},"end":{"line":236,"column":3}},"line":223},"27":{"name":"(anonymous_27)","decl":{"start":{"line":230,"column":14},"end":{"line":230,"column":15}},"loc":{"start":{"line":230,"column":29},"end":{"line":235,"column":5}},"line":230},"28":{"name":"(anonymous_28)","decl":{"start":{"line":244,"column":28},"end":{"line":244,"column":29}},"loc":{"start":{"line":244,"column":48},"end":{"line":253,"column":1}},"line":244},"29":{"name":"(anonymous_29)","decl":{"start":{"line":259,"column":27},"end":{"line":259,"column":28}},"loc":{"start":{"line":259,"column":41},"end":{"line":272,"column":1}},"line":259},"30":{"name":"(anonymous_30)","decl":{"start":{"line":260,"column":21},"end":{"line":260,"column":22}},"loc":{"start":{"line":260,"column":42},"end":{"line":271,"column":3}},"line":260},"31":{"name":"(anonymous_31)","decl":{"start":{"line":266,"column":6},"end":{"line":266,"column":7}},"loc":{"start":{"line":266,"column":21},"end":{"line":269,"column":7}},"line":266},"32":{"name":"(anonymous_32)","decl":{"start":{"line":278,"column":19},"end":{"line":278,"column":20}},"loc":{"start":{"line":278,"column":35},"end":{"line":291,"column":1}},"line":278},"33":{"name":"(anonymous_33)","decl":{"start":{"line":279,"column":21},"end":{"line":279,"column":22}},"loc":{"start":{"line":279,"column":42},"end":{"line":290,"column":3}},"line":279},"34":{"name":"(anonymous_34)","decl":{"start":{"line":281,"column":14},"end":{"line":281,"column":15}},"loc":{"start":{"line":281,"column":29},"end":{"line":289,"column":5}},"line":281},"35":{"name":"(anonymous_35)","decl":{"start":{"line":298,"column":32},"end":{"line":298,"column":33}},"loc":{"start":{"line":298,"column":55},"end":{"line":309,"column":1}},"line":298},"36":{"name":"(anonymous_36)","decl":{"start":{"line":299,"column":21},"end":{"line":299,"column":22}},"loc":{"start":{"line":299,"column":42},"end":{"line":308,"column":3}},"line":299},"37":{"name":"(anonymous_37)","decl":{"start":{"line":304,"column":16},"end":{"line":304,"column":17}},"loc":{"start":{"line":304,"column":31},"end":{"line":307,"column":5}},"line":304},"38":{"name":"(anonymous_38)","decl":{"start":{"line":316,"column":23},"end":{"line":316,"column":24}},"loc":{"start":{"line":316,"column":49},"end":{"line":324,"column":1}},"line":316},"39":{"name":"(anonymous_39)","decl":{"start":{"line":317,"column":21},"end":{"line":317,"column":22}},"loc":{"start":{"line":317,"column":42},"end":{"line":323,"column":3}},"line":317},"40":{"name":"(anonymous_40)","decl":{"start":{"line":319,"column":14},"end":{"line":319,"column":15}},"loc":{"start":{"line":319,"column":29},"end":{"line":322,"column":5}},"line":319},"41":{"name":"(anonymous_41)","decl":{"start":{"line":330,"column":32},"end":{"line":330,"column":33}},"loc":{"start":{"line":330,"column":49},"end":{"line":342,"column":1}},"line":330},"42":{"name":"(anonymous_42)","decl":{"start":{"line":331,"column":21},"end":{"line":331,"column":22}},"loc":{"start":{"line":331,"column":42},"end":{"line":341,"column":3}},"line":331},"43":{"name":"(anonymous_43)","decl":{"start":{"line":336,"column":6},"end":{"line":336,"column":7}},"loc":{"start":{"line":336,"column":21},"end":{"line":339,"column":7}},"line":336},"44":{"name":"(anonymous_44)","decl":{"start":{"line":348,"column":27},"end":{"line":348,"column":28}},"loc":{"start":{"line":348,"column":41},"end":{"line":361,"column":1}},"line":348},"45":{"name":"(anonymous_45)","decl":{"start":{"line":349,"column":21},"end":{"line":349,"column":22}},"loc":{"start":{"line":349,"column":42},"end":{"line":360,"column":3}},"line":349},"46":{"name":"(anonymous_46)","decl":{"start":{"line":355,"column":6},"end":{"line":355,"column":7}},"loc":{"start":{"line":355,"column":21},"end":{"line":358,"column":7}},"line":355},"47":{"name":"(anonymous_47)","decl":{"start":{"line":367,"column":27},"end":{"line":367,"column":28}},"loc":{"start":{"line":367,"column":42},"end":{"line":383,"column":1}},"line":367},"48":{"name":"(anonymous_48)","decl":{"start":{"line":368,"column":21},"end":{"line":368,"column":22}},"loc":{"start":{"line":368,"column":42},"end":{"line":382,"column":3}},"line":368},"49":{"name":"(anonymous_49)","decl":{"start":{"line":376,"column":16},"end":{"line":376,"column":17}},"loc":{"start":{"line":376,"column":31},"end":{"line":381,"column":5}},"line":376},"50":{"name":"(anonymous_50)","decl":{"start":{"line":389,"column":31},"end":{"line":389,"column":32}},"loc":{"start":{"line":389,"column":41},"end":{"line":401,"column":1}},"line":389},"51":{"name":"(anonymous_51)","decl":{"start":{"line":408,"column":25},"end":{"line":408,"column":26}},"loc":{"start":{"line":408,"column":47},"end":{"line":418,"column":1}},"line":408},"52":{"name":"(anonymous_52)","decl":{"start":{"line":409,"column":21},"end":{"line":409,"column":22}},"loc":{"start":{"line":409,"column":42},"end":{"line":417,"column":3}},"line":409},"53":{"name":"(anonymous_53)","decl":{"start":{"line":410,"column":27},"end":{"line":410,"column":28}},"loc":{"start":{"line":410,"column":44},"end":{"line":416,"column":5}},"line":410},"54":{"name":"(anonymous_54)","decl":{"start":{"line":424,"column":27},"end":{"line":424,"column":28}},"loc":{"start":{"line":424,"column":44},"end":{"line":434,"column":1}},"line":424},"55":{"name":"(anonymous_55)","decl":{"start":{"line":425,"column":21},"end":{"line":425,"column":22}},"loc":{"start":{"line":425,"column":42},"end":{"line":433,"column":3}},"line":425},"56":{"name":"(anonymous_56)","decl":{"start":{"line":427,"column":60},"end":{"line":427,"column":61}},"loc":{"start":{"line":427,"column":78},"end":{"line":432,"column":5}},"line":427},"57":{"name":"(anonymous_57)","decl":{"start":{"line":445,"column":16},"end":{"line":445,"column":17}},"loc":{"start":{"line":445,"column":36},"end":{"line":463,"column":1}},"line":445},"58":{"name":"(anonymous_58)","decl":{"start":{"line":470,"column":19},"end":{"line":470,"column":20}},"loc":{"start":{"line":470,"column":39},"end":{"line":486,"column":1}},"line":470},"59":{"name":"(anonymous_59)","decl":{"start":{"line":493,"column":17},"end":{"line":493,"column":18}},"loc":{"start":{"line":493,"column":37},"end":{"line":501,"column":1}},"line":493},"60":{"name":"(anonymous_60)","decl":{"start":{"line":508,"column":25},"end":{"line":508,"column":26}},"loc":{"start":{"line":508,"column":45},"end":{"line":520,"column":1}},"line":508},"61":{"name":"(anonymous_61)","decl":{"start":{"line":527,"column":24},"end":{"line":527,"column":25}},"loc":{"start":{"line":527,"column":44},"end":{"line":538,"column":1}},"line":527},"62":{"name":"(anonymous_62)","decl":{"start":{"line":545,"column":26},"end":{"line":545,"column":27}},"loc":{"start":{"line":545,"column":46},"end":{"line":560,"column":1}},"line":545},"63":{"name":"(anonymous_63)","decl":{"start":{"line":566,"column":28},"end":{"line":566,"column":29}},"loc":{"start":{"line":566,"column":39},"end":{"line":576,"column":1}},"line":566},"64":{"name":"(anonymous_64)","decl":{"start":{"line":566,"column":39},"end":{"line":566,"column":40}},"loc":{"start":{"line":566,"column":65},"end":{"line":576,"column":1}},"line":566}},"branchMap":{"0":{"loc":{"start":{"line":54,"column":2},"end":{"line":59,"column":3}},"type":"if","locations":[{"start":{"line":54,"column":2},"end":{"line":59,"column":3}},{"start":{"line":54,"column":2},"end":{"line":59,"column":3}}],"line":54},"1":{"loc":{"start":{"line":77,"column":6},"end":{"line":79,"column":7}},"type":"if","locations":[{"start":{"line":77,"column":6},"end":{"line":79,"column":7}},{"start":{"line":77,"column":6},"end":{"line":79,"column":7}}],"line":77},"2":{"loc":{"start":{"line":98,"column":6},"end":{"line":100,"column":7}},"type":"if","locations":[{"start":{"line":98,"column":6},"end":{"line":100,"column":7}},{"start":{"line":98,"column":6},"end":{"line":100,"column":7}}],"line":98},"3":{"loc":{"start":{"line":101,"column":6},"end":{"line":103,"column":7}},"type":"if","locations":[{"start":{"line":101,"column":6},"end":{"line":103,"column":7}},{"start":{"line":101,"column":6},"end":{"line":103,"column":7}}],"line":101},"4":{"loc":{"start":{"line":115,"column":6},"end":{"line":117,"column":7}},"type":"if","locations":[{"start":{"line":115,"column":6},"end":{"line":117,"column":7}},{"start":{"line":115,"column":6},"end":{"line":117,"column":7}}],"line":115},"5":{"loc":{"start":{"line":118,"column":6},"end":{"line":120,"column":7}},"type":"if","locations":[{"start":{"line":118,"column":6},"end":{"line":120,"column":7}},{"start":{"line":118,"column":6},"end":{"line":120,"column":7}}],"line":118},"6":{"loc":{"start":{"line":130,"column":2},"end":{"line":130,"column":72}},"type":"binary-expr","locations":[{"start":{"line":130,"column":2},"end":{"line":130,"column":37}},{"start":{"line":130,"column":41},"end":{"line":130,"column":72}}],"line":130},"7":{"loc":{"start":{"line":139,"column":4},"end":{"line":152,"column":5}},"type":"if","locations":[{"start":{"line":139,"column":4},"end":{"line":152,"column":5}},{"start":{"line":139,"column":4},"end":{"line":152,"column":5}}],"line":139},"8":{"loc":{"start":{"line":142,"column":8},"end":{"line":144,"column":9}},"type":"if","locations":[{"start":{"line":142,"column":8},"end":{"line":144,"column":9}},{"start":{"line":142,"column":8},"end":{"line":144,"column":9}}],"line":142},"9":{"loc":{"start":{"line":145,"column":8},"end":{"line":147,"column":9}},"type":"if","locations":[{"start":{"line":145,"column":8},"end":{"line":147,"column":9}},{"start":{"line":145,"column":8},"end":{"line":147,"column":9}}],"line":145},"10":{"loc":{"start":{"line":162,"column":4},"end":{"line":164,"column":5}},"type":"if","locations":[{"start":{"line":162,"column":4},"end":{"line":164,"column":5}},{"start":{"line":162,"column":4},"end":{"line":164,"column":5}}],"line":162},"11":{"loc":{"start":{"line":209,"column":4},"end":{"line":213,"column":5}},"type":"if","locations":[{"start":{"line":209,"column":4},"end":{"line":213,"column":5}},{"start":{"line":209,"column":4},"end":{"line":213,"column":5}}],"line":209},"12":{"loc":{"start":{"line":231,"column":6},"end":{"line":233,"column":7}},"type":"if","locations":[{"start":{"line":231,"column":6},"end":{"line":233,"column":7}},{"start":{"line":231,"column":6},"end":{"line":233,"column":7}}],"line":231},"13":{"loc":{"start":{"line":245,"column":2},"end":{"line":247,"column":3}},"type":"if","locations":[{"start":{"line":245,"column":2},"end":{"line":247,"column":3}},{"start":{"line":245,"column":2},"end":{"line":247,"column":3}}],"line":245},"14":{"loc":{"start":{"line":282,"column":6},"end":{"line":284,"column":7}},"type":"if","locations":[{"start":{"line":282,"column":6},"end":{"line":284,"column":7}},{"start":{"line":282,"column":6},"end":{"line":284,"column":7}}],"line":282},"15":{"loc":{"start":{"line":377,"column":6},"end":{"line":379,"column":7}},"type":"if","locations":[{"start":{"line":377,"column":6},"end":{"line":379,"column":7}},{"start":{"line":377,"column":6},"end":{"line":379,"column":7}}],"line":377},"16":{"loc":{"start":{"line":394,"column":2},"end":{"line":399,"column":3}},"type":"if","locations":[{"start":{"line":394,"column":2},"end":{"line":399,"column":3}},{"start":{"line":394,"column":2},"end":{"line":399,"column":3}}],"line":394},"17":{"loc":{"start":{"line":412,"column":6},"end":{"line":414,"column":7}},"type":"if","locations":[{"start":{"line":412,"column":6},"end":{"line":414,"column":7}},{"start":{"line":412,"column":6},"end":{"line":414,"column":7}}],"line":412},"18":{"loc":{"start":{"line":428,"column":6},"end":{"line":430,"column":7}},"type":"if","locations":[{"start":{"line":428,"column":6},"end":{"line":430,"column":7}},{"start":{"line":428,"column":6},"end":{"line":430,"column":7}}],"line":428},"19":{"loc":{"start":{"line":452,"column":4},"end":{"line":459,"column":5}},"type":"if","locations":[{"start":{"line":452,"column":4},"end":{"line":459,"column":5}},{"start":{"line":452,"column":4},"end":{"line":459,"column":5}}],"line":452},"20":{"loc":{"start":{"line":476,"column":4},"end":{"line":482,"column":5}},"type":"if","locations":[{"start":{"line":476,"column":4},"end":{"line":482,"column":5}},{"start":{"line":476,"column":4},"end":{"line":482,"column":5}}],"line":476}},"s":{"0":1,"1":1,"2":1,"3":1,"4":1,"5":1,"6":1,"7":1,"8":1,"9":1,"10":1,"11":1,"12":1,"13":7,"14":7,"15":1,"16":7,"17":7,"18":7,"19":7,"20":1,"21":6,"22":6,"23":6,"24":6,"25":0,"26":6,"27":6,"28":1,"29":0,"30":0,"31":0,"32":0,"33":0,"34":0,"35":0,"36":1,"37":5,"38":5,"39":5,"40":0,"41":5,"42":5,"43":1,"44":5,"45":1,"46":5,"47":5,"48":0,"49":0,"50":0,"51":0,"52":0,"53":0,"54":5,"55":1,"56":5,"57":5,"58":0,"59":5,"60":1,"61":6,"62":6,"63":6,"64":6,"65":1,"66":1,"67":1,"68":1,"69":1,"70":1,"71":0,"72":0,"73":0,"74":0,"75":0,"76":0,"77":0,"78":1,"79":1,"80":1,"81":1,"82":1,"83":0,"84":1,"85":1,"86":1,"87":1,"88":1,"89":1,"90":1,"91":1,"92":1,"93":1,"94":1,"95":1,"96":1,"97":1,"98":1,"99":1,"100":0,"101":1,"102":1,"103":1,"104":1,"105":1,"106":1,"107":1,"108":1,"109":1,"110":1,"111":1,"112":1,"113":1,"114":1,"115":1,"116":1,"117":1,"118":1,"119":1,"120":1,"121":1,"122":1,"123":1,"124":1,"125":1,"126":1,"127":1,"128":1,"129":1,"130":1,"131":1,"132":0,"133":1,"134":1,"135":1,"136":1,"137":1,"138":1,"139":1,"140":27,"141":27,"142":27,"143":27,"144":26,"145":1,"146":1,"147":1,"148":1,"149":1,"150":0,"151":1,"152":1,"153":5,"154":5,"155":5,"156":5,"157":5,"158":5,"159":5,"160":0,"161":5,"162":5,"163":5,"164":0,"165":1,"166":2,"167":2,"168":2,"169":2,"170":1,"171":1,"172":1,"173":1,"174":1,"175":1,"176":1,"177":1,"178":1,"179":1,"180":1,"181":1,"182":0,"183":1,"184":1,"185":1,"186":1,"187":1,"188":1,"189":1,"190":1,"191":0,"192":1,"193":1,"194":1,"195":1,"196":1,"197":1,"198":1,"199":1,"200":0,"201":1,"202":1,"203":1,"204":1,"205":1,"206":1,"207":1,"208":1,"209":1,"210":0,"211":1,"212":13,"213":27,"214":27,"215":27,"216":1},"f":{"0":7,"1":7,"2":6,"3":6,"4":6,"5":0,"6":0,"7":0,"8":5,"9":5,"10":5,"11":5,"12":5,"13":5,"14":0,"15":5,"16":5,"17":6,"18":6,"19":6,"20":1,"21":1,"22":1,"23":0,"24":0,"25":1,"26":1,"27":1,"28":1,"29":1,"30":1,"31":1,"32":1,"33":1,"34":1,"35":1,"36":1,"37":1,"38":1,"39":1,"40":1,"41":1,"42":1,"43":1,"44":1,"45":1,"46":1,"47":1,"48":1,"49":1,"50":1,"51":27,"52":27,"53":27,"54":1,"55":1,"56":1,"57":5,"58":2,"59":1,"60":1,"61":1,"62":1,"63":13,"64":27},"b":{"0":[7,0],"1":[0,6],"2":[0,0],"3":[0,0],"4":[0,5],"5":[5,0],"6":[5,0],"7":[0,5],"8":[0,0],"9":[0,0],"10":[0,5],"11":[0,0],"12":[0,1],"13":[1,0],"14":[0,1],"15":[0,1],"16":[1,0],"17":[26,1],"18":[0,1],"19":[0,5],"20":[1,0]},"_coverageSchema":"1a1c01bbd47fc00a2c39e90264f33305004495a9","hash":"ff6d96304f5901d550d9ae5b8a38b15ea5d18c8a","contentHash":"3403bb7055359e0961bc23f6c6bc6ad21f3714864526b5598817336d4a66c4e3"},"/Users/nanjundamurthy/Desktop/TimeSheetAppNodeService/app/models/userAccess.js":{"path":"/Users/nanjundamurthy/Desktop/TimeSheetAppNodeService/app/models/userAccess.js","statementMap":{"0":{"start":{"line":1,"column":17},"end":{"line":1,"column":36}},"1":{"start":{"line":2,"column":18},"end":{"line":2,"column":38}},"2":{"start":{"line":4,"column":25},"end":{"line":32,"column":1}},"3":{"start":{"line":33,"column":0},"end":{"line":33,"column":63}}},"fnMap":{},"branchMap":{},"s":{"0":1,"1":1,"2":1,"3":1},"f":{},"b":{},"_coverageSchema":"1a1c01bbd47fc00a2c39e90264f33305004495a9","hash":"363d34c69653bf254231986b1eea784d80c7d664","contentHash":"82c958f9bdf0a9d27d5d541567d1171861f77d2a8e8257d45d58e4174af3a1ce"},"/Users/nanjundamurthy/Desktop/TimeSheetAppNodeService/app/models/forgotPassword.js":{"path":"/Users/nanjundamurthy/Desktop/TimeSheetAppNodeService/app/models/forgotPassword.js","statementMap":{"0":{"start":{"line":1,"column":17},"end":{"line":1,"column":36}},"1":{"start":{"line":2,"column":18},"end":{"line":2,"column":38}},"2":{"start":{"line":4,"column":29},"end":{"line":45,"column":1}},"3":{"start":{"line":46,"column":0},"end":{"line":46,"column":71}}},"fnMap":{},"branchMap":{},"s":{"0":1,"1":1,"2":1,"3":1},"f":{},"b":{},"_coverageSchema":"1a1c01bbd47fc00a2c39e90264f33305004495a9","hash":"d23845050c0dfb82dc5ac116b3cd84f0b02bc7d7","contentHash":"ccc29d891ec428ec5c1d22875335dd2c016fe15e4cae0f0110270cbf4695f784"},"/Users/nanjundamurthy/Desktop/TimeSheetAppNodeService/app/middleware/auth.js":{"path":"/Users/nanjundamurthy/Desktop/TimeSheetAppNodeService/app/middleware/auth.js","statementMap":{"0":{"start":{"line":1,"column":15},"end":{"line":1,"column":32}},"1":{"start":{"line":3,"column":15},"end":{"line":3,"column":37}},"2":{"start":{"line":4,"column":18},"end":{"line":4,"column":31}},"3":{"start":{"line":7,"column":12},"end":{"line":7,"column":49}},"4":{"start":{"line":8,"column":11},"end":{"line":8,"column":30}},"5":{"start":{"line":10,"column":0},"end":{"line":61,"column":1}},"6":{"start":{"line":18,"column":4},"end":{"line":28,"column":6}},"7":{"start":{"line":19,"column":6},"end":{"line":27,"column":8}},"8":{"start":{"line":20,"column":8},"end":{"line":22,"column":9}},"9":{"start":{"line":21,"column":10},"end":{"line":21,"column":55}},"10":{"start":{"line":23,"column":8},"end":{"line":25,"column":9}},"11":{"start":{"line":24,"column":10},"end":{"line":24,"column":24}},"12":{"start":{"line":26,"column":8},"end":{"line":26,"column":21}},"13":{"start":{"line":37,"column":19},"end":{"line":37,"column":60}},"14":{"start":{"line":39,"column":20},"end":{"line":39,"column":54}},"15":{"start":{"line":40,"column":4},"end":{"line":40,"column":36}},"16":{"start":{"line":42,"column":4},"end":{"line":42,"column":20}},"17":{"start":{"line":51,"column":21},"end":{"line":51,"column":64}},"18":{"start":{"line":53,"column":4},"end":{"line":59,"column":5}},"19":{"start":{"line":54,"column":22},"end":{"line":54,"column":58}},"20":{"start":{"line":55,"column":6},"end":{"line":55,"column":41}},"21":{"start":{"line":56,"column":6},"end":{"line":56,"column":22}},"22":{"start":{"line":58,"column":6},"end":{"line":58,"column":16}}},"fnMap":{"0":{"name":"(anonymous_0)","decl":{"start":{"line":17,"column":2},"end":{"line":17,"column":3}},"loc":{"start":{"line":17,"column":38},"end":{"line":29,"column":3}},"line":17},"1":{"name":"(anonymous_1)","decl":{"start":{"line":18,"column":23},"end":{"line":18,"column":24}},"loc":{"start":{"line":18,"column":44},"end":{"line":28,"column":5}},"line":18},"2":{"name":"(anonymous_2)","decl":{"start":{"line":19,"column":37},"end":{"line":19,"column":38}},"loc":{"start":{"line":19,"column":55},"end":{"line":27,"column":7}},"line":19},"3":{"name":"(anonymous_3)","decl":{"start":{"line":36,"column":2},"end":{"line":36,"column":3}},"loc":{"start":{"line":36,"column":16},"end":{"line":43,"column":3}},"line":36},"4":{"name":"(anonymous_4)","decl":{"start":{"line":50,"column":2},"end":{"line":50,"column":3}},"loc":{"start":{"line":50,"column":16},"end":{"line":60,"column":3}},"line":50}},"branchMap":{"0":{"loc":{"start":{"line":20,"column":8},"end":{"line":22,"column":9}},"type":"if","locations":[{"start":{"line":20,"column":8},"end":{"line":22,"column":9}},{"start":{"line":20,"column":8},"end":{"line":22,"column":9}}],"line":20},"1":{"loc":{"start":{"line":23,"column":8},"end":{"line":25,"column":9}},"type":"if","locations":[{"start":{"line":23,"column":8},"end":{"line":25,"column":9}},{"start":{"line":23,"column":8},"end":{"line":25,"column":9}}],"line":23}},"s":{"0":1,"1":1,"2":1,"3":1,"4":1,"5":1,"6":7,"7":7,"8":7,"9":0,"10":7,"11":1,"12":7,"13":7,"14":7,"15":7,"16":7,"17":28,"18":28,"19":28,"20":28,"21":28,"22":0},"f":{"0":7,"1":7,"2":7,"3":7,"4":28},"b":{"0":[0,7],"1":[1,6]},"_coverageSchema":"1a1c01bbd47fc00a2c39e90264f33305004495a9","hash":"11bf99240455c9f8bafd40652b3b3225cfc1e6e9","contentHash":"a3f60b8ba431092214e87701685c4eed4e2da792ec35a5e6601492e2cfcdfd89"},"/Users/nanjundamurthy/Desktop/TimeSheetAppNodeService/app/middleware/emailer.js":{"path":"/Users/nanjundamurthy/Desktop/TimeSheetAppNodeService/app/middleware/emailer.js","statementMap":{"0":{"start":{"line":1,"column":19},"end":{"line":1,"column":40}},"1":{"start":{"line":2,"column":11},"end":{"line":2,"column":50}},"2":{"start":{"line":3,"column":13},"end":{"line":3,"column":28}},"3":{"start":{"line":4,"column":13},"end":{"line":4,"column":38}},"4":{"start":{"line":5,"column":30},"end":{"line":5,"column":60}},"5":{"start":{"line":12,"column":18},"end":{"line":33,"column":1}},"6":{"start":{"line":13,"column":15},"end":{"line":19,"column":3}},"7":{"start":{"line":20,"column":22},"end":{"line":20,"column":58}},"8":{"start":{"line":21,"column":22},"end":{"line":26,"column":3}},"9":{"start":{"line":27,"column":2},"end":{"line":32,"column":4}},"10":{"start":{"line":28,"column":4},"end":{"line":30,"column":5}},"11":{"start":{"line":29,"column":6},"end":{"line":29,"column":28}},"12":{"start":{"line":31,"column":4},"end":{"line":31,"column":25}},"13":{"start":{"line":41,"column":27},"end":{"line":61,"column":1}},"14":{"start":{"line":42,"column":2},"end":{"line":46,"column":3}},"15":{"start":{"line":47,"column":15},"end":{"line":51,"column":3}},"16":{"start":{"line":52,"column":2},"end":{"line":60,"column":3}},"17":{"start":{"line":53,"column":4},"end":{"line":57,"column":5}},"18":{"start":{"line":54,"column":6},"end":{"line":56,"column":55}},"19":{"start":{"line":58,"column":9},"end":{"line":60,"column":3}},"20":{"start":{"line":59,"column":4},"end":{"line":59,"column":21}},"21":{"start":{"line":63,"column":0},"end":{"line":137,"column":1}},"22":{"start":{"line":69,"column":4},"end":{"line":79,"column":6}},"23":{"start":{"line":70,"column":6},"end":{"line":78,"column":7}},"24":{"start":{"line":75,"column":10},"end":{"line":75,"column":70}},"25":{"start":{"line":76,"column":10},"end":{"line":76,"column":24}},"26":{"start":{"line":88,"column":4},"end":{"line":101,"column":6}},"27":{"start":{"line":89,"column":6},"end":{"line":100,"column":7}},"28":{"start":{"line":97,"column":10},"end":{"line":97,"column":70}},"29":{"start":{"line":98,"column":10},"end":{"line":98,"column":24}},"30":{"start":{"line":110,"column":4},"end":{"line":110,"column":26}},"31":{"start":{"line":111,"column":20},"end":{"line":111,"column":51}},"32":{"start":{"line":112,"column":24},"end":{"line":117,"column":5}},"33":{"start":{"line":118,"column":4},"end":{"line":118,"column":50}},"34":{"start":{"line":127,"column":4},"end":{"line":127,"column":26}},"35":{"start":{"line":128,"column":20},"end":{"line":128,"column":53}},"36":{"start":{"line":129,"column":24},"end":{"line":134,"column":5}},"37":{"start":{"line":135,"column":4},"end":{"line":135,"column":50}}},"fnMap":{"0":{"name":"(anonymous_0)","decl":{"start":{"line":12,"column":18},"end":{"line":12,"column":19}},"loc":{"start":{"line":12,"column":44},"end":{"line":33,"column":1}},"line":12},"1":{"name":"(anonymous_1)","decl":{"start":{"line":27,"column":36},"end":{"line":27,"column":37}},"loc":{"start":{"line":27,"column":45},"end":{"line":32,"column":3}},"line":27},"2":{"name":"(anonymous_2)","decl":{"start":{"line":41,"column":27},"end":{"line":41,"column":28}},"loc":{"start":{"line":41,"column":59},"end":{"line":61,"column":1}},"line":41},"3":{"name":"(anonymous_3)","decl":{"start":{"line":53,"column":20},"end":{"line":53,"column":21}},"loc":{"start":{"line":54,"column":6},"end":{"line":56,"column":55}},"line":54},"4":{"name":"(anonymous_4)","decl":{"start":{"line":68,"column":2},"end":{"line":68,"column":3}},"loc":{"start":{"line":68,"column":27},"end":{"line":80,"column":3}},"line":68},"5":{"name":"(anonymous_5)","decl":{"start":{"line":69,"column":23},"end":{"line":69,"column":24}},"loc":{"start":{"line":69,"column":44},"end":{"line":79,"column":5}},"line":69},"6":{"name":"(anonymous_6)","decl":{"start":{"line":74,"column":8},"end":{"line":74,"column":9}},"loc":{"start":{"line":74,"column":23},"end":{"line":77,"column":9}},"line":74},"7":{"name":"(anonymous_7)","decl":{"start":{"line":87,"column":2},"end":{"line":87,"column":3}},"loc":{"start":{"line":87,"column":46},"end":{"line":102,"column":3}},"line":87},"8":{"name":"(anonymous_8)","decl":{"start":{"line":88,"column":23},"end":{"line":88,"column":24}},"loc":{"start":{"line":88,"column":44},"end":{"line":101,"column":5}},"line":88},"9":{"name":"(anonymous_9)","decl":{"start":{"line":96,"column":8},"end":{"line":96,"column":9}},"loc":{"start":{"line":96,"column":23},"end":{"line":99,"column":9}},"line":96},"10":{"name":"(anonymous_10)","decl":{"start":{"line":109,"column":2},"end":{"line":109,"column":3}},"loc":{"start":{"line":109,"column":51},"end":{"line":119,"column":3}},"line":109},"11":{"name":"(anonymous_11)","decl":{"start":{"line":126,"column":2},"end":{"line":126,"column":3}},"loc":{"start":{"line":126,"column":52},"end":{"line":136,"column":3}},"line":126}},"branchMap":{"0":{"loc":{"start":{"line":28,"column":4},"end":{"line":30,"column":5}},"type":"if","locations":[{"start":{"line":28,"column":4},"end":{"line":30,"column":5}},{"start":{"line":28,"column":4},"end":{"line":30,"column":5}}],"line":28},"1":{"loc":{"start":{"line":52,"column":2},"end":{"line":60,"column":3}},"type":"if","locations":[{"start":{"line":52,"column":2},"end":{"line":60,"column":3}},{"start":{"line":52,"column":2},"end":{"line":60,"column":3}}],"line":52},"2":{"loc":{"start":{"line":54,"column":6},"end":{"line":56,"column":55}},"type":"cond-expr","locations":[{"start":{"line":55,"column":10},"end":{"line":55,"column":53}},{"start":{"line":56,"column":10},"end":{"line":56,"column":55}}],"line":54},"3":{"loc":{"start":{"line":58,"column":9},"end":{"line":60,"column":3}},"type":"if","locations":[{"start":{"line":58,"column":9},"end":{"line":60,"column":3}},{"start":{"line":58,"column":9},"end":{"line":60,"column":3}}],"line":58}},"s":{"0":1,"1":1,"2":1,"3":1,"4":1,"5":1,"6":0,"7":0,"8":0,"9":0,"10":0,"11":0,"12":0,"13":1,"14":4,"15":4,"16":4,"17":0,"18":0,"19":4,"20":0,"21":1,"22":4,"23":4,"24":4,"25":4,"26":1,"27":1,"28":1,"29":1,"30":3,"31":3,"32":3,"33":3,"34":1,"35":1,"36":1,"37":1},"f":{"0":0,"1":0,"2":4,"3":0,"4":4,"5":4,"6":4,"7":1,"8":1,"9":1,"10":3,"11":1},"b":{"0":[0,0],"1":[0,4],"2":[0,0],"3":[0,4]},"_coverageSchema":"1a1c01bbd47fc00a2c39e90264f33305004495a9","hash":"ac0d0f0f973d0f352af22a9d96f21c1d2d01d8ae","contentHash":"3baf9d7ad9a1307e92b35c37d993eadc416dac5e462efbddf28e08a518e73ceb"},"/Users/nanjundamurthy/Desktop/TimeSheetAppNodeService/app/controllers/auth.validate.js":{"path":"/Users/nanjundamurthy/Desktop/TimeSheetAppNodeService/app/controllers/auth.validate.js","statementMap":{"0":{"start":{"line":1,"column":29},"end":{"line":1,"column":59}},"1":{"start":{"line":2,"column":18},"end":{"line":2,"column":46}},"2":{"start":{"line":7,"column":0},"end":{"line":35,"column":1}},"3":{"start":{"line":33,"column":4},"end":{"line":33,"column":36}},"4":{"start":{"line":40,"column":0},"end":{"line":62,"column":1}},"5":{"start":{"line":60,"column":4},"end":{"line":60,"column":36}},"6":{"start":{"line":67,"column":0},"end":{"line":77,"column":1}},"7":{"start":{"line":75,"column":4},"end":{"line":75,"column":36}},"8":{"start":{"line":82,"column":0},"end":{"line":94,"column":1}},"9":{"start":{"line":92,"column":4},"end":{"line":92,"column":36}},"10":{"start":{"line":99,"column":0},"end":{"line":119,"column":1}},"11":{"start":{"line":117,"column":4},"end":{"line":117,"column":36}}},"fnMap":{"0":{"name":"(anonymous_0)","decl":{"start":{"line":32,"column":2},"end":{"line":32,"column":3}},"loc":{"start":{"line":32,"column":22},"end":{"line":34,"column":3}},"line":32},"1":{"name":"(anonymous_1)","decl":{"start":{"line":59,"column":2},"end":{"line":59,"column":3}},"loc":{"start":{"line":59,"column":22},"end":{"line":61,"column":3}},"line":59},"2":{"name":"(anonymous_2)","decl":{"start":{"line":74,"column":2},"end":{"line":74,"column":3}},"loc":{"start":{"line":74,"column":22},"end":{"line":76,"column":3}},"line":74},"3":{"name":"(anonymous_3)","decl":{"start":{"line":91,"column":2},"end":{"line":91,"column":3}},"loc":{"start":{"line":91,"column":22},"end":{"line":93,"column":3}},"line":91},"4":{"name":"(anonymous_4)","decl":{"start":{"line":116,"column":2},"end":{"line":116,"column":3}},"loc":{"start":{"line":116,"column":22},"end":{"line":118,"column":3}},"line":116}},"branchMap":{},"s":{"0":1,"1":1,"2":1,"3":2,"4":1,"5":5,"6":1,"7":1,"8":1,"9":1,"10":1,"11":1},"f":{"0":2,"1":5,"2":1,"3":1,"4":1},"b":{},"_coverageSchema":"1a1c01bbd47fc00a2c39e90264f33305004495a9","hash":"b0f6fbe73eaea25bad5aeb48c578087b7b5e9b5d","contentHash":"3608f542eedc2d8cae457035eb958ac916dfb19035cfd3a268e717e1d2a1a12c"},"/Users/nanjundamurthy/Desktop/TimeSheetAppNodeService/config/passport.js":{"path":"/Users/nanjundamurthy/Desktop/TimeSheetAppNodeService/config/passport.js","statementMap":{"0":{"start":{"line":1,"column":17},"end":{"line":1,"column":36}},"1":{"start":{"line":2,"column":13},"end":{"line":2,"column":42}},"2":{"start":{"line":3,"column":13},"end":{"line":3,"column":46}},"3":{"start":{"line":4,"column":20},"end":{"line":4,"column":52}},"4":{"start":{"line":11,"column":21},"end":{"line":25,"column":1}},"5":{"start":{"line":12,"column":14},"end":{"line":12,"column":18}},"6":{"start":{"line":13,"column":2},"end":{"line":19,"column":3}},"7":{"start":{"line":14,"column":4},"end":{"line":14,"column":67}},"8":{"start":{"line":15,"column":9},"end":{"line":19,"column":3}},"9":{"start":{"line":16,"column":4},"end":{"line":16,"column":33}},"10":{"start":{"line":17,"column":9},"end":{"line":19,"column":3}},"11":{"start":{"line":18,"column":4},"end":{"line":18,"column":34}},"12":{"start":{"line":20,"column":2},"end":{"line":23,"column":3}},"13":{"start":{"line":22,"column":4},"end":{"line":22,"column":31}},"14":{"start":{"line":24,"column":2},"end":{"line":24,"column":14}},"15":{"start":{"line":30,"column":19},"end":{"line":33,"column":1}},"16":{"start":{"line":38,"column":17},"end":{"line":45,"column":2}},"17":{"start":{"line":39,"column":2},"end":{"line":44,"column":4}},"18":{"start":{"line":40,"column":4},"end":{"line":42,"column":5}},"19":{"start":{"line":41,"column":6},"end":{"line":41,"column":29}},"20":{"start":{"line":43,"column":4},"end":{"line":43,"column":55}},"21":{"start":{"line":47,"column":0},"end":{"line":47,"column":22}}},"fnMap":{"0":{"name":"(anonymous_0)","decl":{"start":{"line":11,"column":21},"end":{"line":11,"column":22}},"loc":{"start":{"line":11,"column":30},"end":{"line":25,"column":1}},"line":11},"1":{"name":"(anonymous_1)","decl":{"start":{"line":38,"column":45},"end":{"line":38,"column":46}},"loc":{"start":{"line":38,"column":64},"end":{"line":45,"column":1}},"line":38},"2":{"name":"(anonymous_2)","decl":{"start":{"line":39,"column":34},"end":{"line":39,"column":35}},"loc":{"start":{"line":39,"column":49},"end":{"line":44,"column":3}},"line":39}},"branchMap":{"0":{"loc":{"start":{"line":13,"column":2},"end":{"line":19,"column":3}},"type":"if","locations":[{"start":{"line":13,"column":2},"end":{"line":19,"column":3}},{"start":{"line":13,"column":2},"end":{"line":19,"column":3}}],"line":13},"1":{"loc":{"start":{"line":15,"column":9},"end":{"line":19,"column":3}},"type":"if","locations":[{"start":{"line":15,"column":9},"end":{"line":19,"column":3}},{"start":{"line":15,"column":9},"end":{"line":19,"column":3}}],"line":15},"2":{"loc":{"start":{"line":17,"column":9},"end":{"line":19,"column":3}},"type":"if","locations":[{"start":{"line":17,"column":9},"end":{"line":19,"column":3}},{"start":{"line":17,"column":9},"end":{"line":19,"column":3}}],"line":17},"3":{"loc":{"start":{"line":20,"column":2},"end":{"line":23,"column":3}},"type":"if","locations":[{"start":{"line":20,"column":2},"end":{"line":23,"column":3}},{"start":{"line":20,"column":2},"end":{"line":23,"column":3}}],"line":20},"4":{"loc":{"start":{"line":40,"column":4},"end":{"line":42,"column":5}},"type":"if","locations":[{"start":{"line":40,"column":4},"end":{"line":42,"column":5}},{"start":{"line":40,"column":4},"end":{"line":42,"column":5}}],"line":40},"5":{"loc":{"start":{"line":43,"column":11},"end":{"line":43,"column":55}},"type":"cond-expr","locations":[{"start":{"line":43,"column":19},"end":{"line":43,"column":36}},{"start":{"line":43,"column":39},"end":{"line":43,"column":55}}],"line":43}},"s":{"0":1,"1":1,"2":1,"3":1,"4":1,"5":31,"6":31,"7":27,"8":4,"9":0,"10":4,"11":0,"12":31,"13":27,"14":31,"15":1,"16":1,"17":27,"18":27,"19":0,"20":27,"21":1},"f":{"0":31,"1":27,"2":27},"b":{"0":[27,4],"1":[0,4],"2":[0,4],"3":[27,4],"4":[0,27],"5":[0,27]},"_coverageSchema":"1a1c01bbd47fc00a2c39e90264f33305004495a9","hash":"1f8204160434de57d93bcdbe8aac7db78146089c","contentHash":"7dd8d02a5d0c543cf1aeb07d84c581524a16bb9e5b4b0969a147138522121fa2"},"/Users/nanjundamurthy/Desktop/TimeSheetAppNodeService/app/routes/TimeSheet.js":{"path":"/Users/nanjundamurthy/Desktop/TimeSheetAppNodeService/app/routes/TimeSheet.js","statementMap":{"0":{"start":{"line":1,"column":28},"end":{"line":1,"column":66}},"1":{"start":{"line":3,"column":23},"end":{"line":3,"column":53}},"2":{"start":{"line":4,"column":16},"end":{"line":4,"column":34}},"3":{"start":{"line":5,"column":15},"end":{"line":5,"column":31}},"4":{"start":{"line":6,"column":0},"end":{"line":6,"column":33}},"5":{"start":{"line":7,"column":17},"end":{"line":7,"column":36}},"6":{"start":{"line":8,"column":20},"end":{"line":10,"column":2}},"7":{"start":{"line":11,"column":20},"end":{"line":11,"column":43}},"8":{"start":{"line":14,"column":0},"end":{"line":14,"column":55}},"9":{"start":{"line":17,"column":0},"end":{"line":17,"column":55}},"10":{"start":{"line":20,"column":0},"end":{"line":20,"column":68}},"11":{"start":{"line":23,"column":0},
[...]
:97,"column":33}},"34":{"start":{"line":106,"column":0},"end":{"line":120,"column":1}},"35":{"start":{"line":107,"column":2},"end":{"line":119,"column":3}},"36":{"start":{"line":109,"column":19},"end":{"line":109,"column":34}},"37":{"start":{"line":110,"column":4},"end":{"line":110,"column":26}},"38":{"start":{"line":111,"column":28},"end":{"line":111,"column":64}},"39":{"start":{"line":112,"column":4},"end":{"line":116,"column":5}},"40":{"start":{"line":113,"column":19},"end":{"line":113,"column":40}},"41":{"start":{"line":114,"column":6},"end":{"line":114,"column":56}},"42":{"start":{"line":115,"column":6},"end":{"line":115,"column":32}},"43":{"start":{"line":118,"column":4},"end":{"line":118,"column":33}},"44":{"start":{"line":127,"column":0},"end":{"line":135,"column":1}},"45":{"start":{"line":128,"column":2},"end":{"line":134,"column":3}},"46":{"start":{"line":129,"column":4},"end":{"line":129,"column":26}},"47":{"start":{"line":130,"column":15},"end":{"line":130,"column":43}},"48":{"start":{"line":131,"column":4},"end":{"line":131,"column":56}},"49":{"start":{"line":133,"column":4},"end":{"line":133,"column":33}}},"fnMap":{"0":{"name":"(anonymous_0)","decl":{"start":{"line":16,"column":19},"end":{"line":16,"column":20}},"loc":{"start":{"line":16,"column":34},"end":{"line":45,"column":1}},"line":16},"1":{"name":"(anonymous_1)","decl":{"start":{"line":17,"column":21},"end":{"line":17,"column":22}},"loc":{"start":{"line":17,"column":42},"end":{"line":44,"column":3}},"line":17},"2":{"name":"(anonymous_2)","decl":{"start":{"line":28,"column":14},"end":{"line":28,"column":15}},"loc":{"start":{"line":28,"column":29},"end":{"line":43,"column":5}},"line":28},"3":{"name":"(anonymous_3)","decl":{"start":{"line":33,"column":31},"end":{"line":33,"column":32}},"loc":{"start":{"line":41,"column":12},"end":{"line":41,"column":16}},"line":41},"4":{"name":"(anonymous_4)","decl":{"start":{"line":56,"column":19},"end":{"line":56,"column":20}},"loc":{"start":{"line":56,"column":39},"end":{"line":63,"column":1}},"line":56},"5":{"name":"(anonymous_5)","decl":{"start":{"line":70,"column":18},"end":{"line":70,"column":19}},"loc":{"start":{"line":70,"column":38},"end":{"line":78,"column":1}},"line":70},"6":{"name":"(anonymous_6)","decl":{"start":{"line":85,"column":21},"end":{"line":85,"column":22}},"loc":{"start":{"line":85,"column":41},"end":{"line":99,"column":1}},"line":85},"7":{"name":"(anonymous_7)","decl":{"start":{"line":106,"column":21},"end":{"line":106,"column":22}},"loc":{"start":{"line":106,"column":41},"end":{"line":120,"column":1}},"line":106},"8":{"name":"(anonymous_8)","decl":{"start":{"line":127,"column":21},"end":{"line":127,"column":22}},"loc":{"start":{"line":127,"column":41},"end":{"line":135,"column":1}},"line":127}},"branchMap":{"0":{"loc":{"start":{"line":29,"column":6},"end":{"line":31,"column":7}},"type":"if","locations":[{"start":{"line":29,"column":6},"end":{"line":31,"column":7}},{"start":{"line":29,"column":6},"end":{"line":31,"column":7}}],"line":29},"1":{"loc":{"start":{"line":93,"column":4},"end":{"line":95,"column":5}},"type":"if","locations":[{"start":{"line":93,"column":4},"end":{"line":95,"column":5}},{"start":{"line":93,"column":4},"end":{"line":95,"column":5}}],"line":93},"2":{"loc":{"start":{"line":112,"column":4},"end":{"line":116,"column":5}},"type":"if","locations":[{"start":{"line":112,"column":4},"end":{"line":116,"column":5}},{"start":{"line":112,"column":4},"end":{"line":116,"column":5}}],"line":112}},"s":{"0":1,"1":1,"2":1,"3":1,"4":1,"5":1,"6":1,"7":2,"8":2,"9":2,"10":2,"11":0,"12":2,"13":2,"14":2,"15":1,"16":2,"17":2,"18":2,"19":0,"20":1,"21":1,"22":1,"23":1,"24":1,"25":0,"26":1,"27":1,"28":1,"29":1,"30":1,"31":1,"32":1,"33":0,"34":1,"35":2,"36":2,"37":2,"38":2,"39":2,"40":2,"41":2,"42":2,"43":0,"44":1,"45":1,"46":1,"47":1,"48":1,"49":0},"f":{"0":2,"1":2,"2":2,"3":2,"4":2,"5":1,"6":1,"7":2,"8":1},"b":{"0":[0,2],"1":[1,0],"2":[2,0]},"_coverageSchema":"1a1c01bbd47fc00a2c39e90264f33305004495a9","hash":"2f6a8162b32a695c20a24a002cca6a2472966c30","contentHash":"f4b6edb3e62dfb52dec15c5e8aef4c5558fbfb232ea4cf603855196863427424"},"/Users/nanjundamurthy/Desktop/TimeSheetAppNodeService/app/controllers/users.validate.js":{"path":"/Users/nanjundamurthy/Desktop/TimeSheetAppNodeService/app/controllers/users.validate.js","statementMap":{"0":{"start":{"line":3,"column":4},"end":{"line":3,"column":34}},"1":{"start":{"line":4,"column":18},"end":{"line":4,"column":38}},"2":{"start":{"line":7,"column":4},"end":{"line":7,"column":32}},"3":{"start":{"line":12,"column":0},"end":{"line":77,"column":1}},"4":{"start":{"line":68,"column":18},"end":{"line":68,"column":54}},"5":{"start":{"line":72,"column":18},"end":{"line":72,"column":54}},"6":{"start":{"line":75,"column":4},"end":{"line":75,"column":36}},"7":{"start":{"line":82,"column":0},"end":{"line":139,"column":1}},"8":{"start":{"line":124,"column":18},"end":{"line":124,"column":54}},"9":{"start":{"line":128,"column":18},"end":{"line":128,"column":54}},"10":{"start":{"line":137,"column":4},"end":{"line":137,"column":36}},"11":{"start":{"line":144,"column":0},"end":{"line":154,"column":1}},"12":{"start":{"line":152,"column":4},"end":{"line":152,"column":36}},"13":{"start":{"line":159,"column":0},"end":{"line":169,"column":1}},"14":{"start":{"line":167,"column":4},"end":{"line":167,"column":36}}},"fnMap":{"0":{"name":"(anonymous_0)","decl":{"start":{"line":68,"column":10},"end":{"line":68,"column":11}},"loc":{"start":{"line":68,"column":18},"end":{"line":68,"column":54}},"line":68},"1":{"name":"(anonymous_1)","decl":{"start":{"line":72,"column":10},"end":{"line":72,"column":11}},"loc":{"start":{"line":72,"column":18},"end":{"line":72,"column":54}},"line":72},"2":{"name":"(anonymous_2)","decl":{"start":{"line":74,"column":2},"end":{"line":74,"column":3}},"loc":{"start":{"line":74,"column":22},"end":{"line":76,"column":3}},"line":74},"3":{"name":"(anonymous_3)","decl":{"start":{"line":124,"column":10},"end":{"line":124,"column":11}},"loc":{"start":{"line":124,"column":18},"end":{"line":124,"column":54}},"line":124},"4":{"name":"(anonymous_4)","decl":{"start":{"line":128,"column":10},"end":{"line":128,"column":11}},"loc":{"start":{"line":128,"column":18},"end":{"line":128,"column":54}},"line":128},"5":{"name":"(anonymous_5)","decl":{"start":{"line":136,"column":2},"end":{"line":136,"column":3}},"loc":{"start":{"line":136,"column":22},"end":{"line":138,"column":3}},"line":136},"6":{"name":"(anonymous_6)","decl":{"start":{"line":151,"column":2},"end":{"line":151,"column":3}},"loc":{"start":{"line":151,"column":22},"end":{"line":153,"column":3}},"line":151},"7":{"name":"(anonymous_7)","decl":{"start":{"line":166,"column":2},"end":{"line":166,"column":3}},"loc":{"start":{"line":166,"column":22},"end":{"line":168,"column":3}},"line":166}},"branchMap":{"0":{"loc":{"start":{"line":68,"column":18},"end":{"line":68,"column":54}},"type":"cond-expr","locations":[{"start":{"line":68,"column":29},"end":{"line":68,"column":33}},{"start":{"line":68,"column":36},"end":{"line":68,"column":54}}],"line":68},"1":{"loc":{"start":{"line":72,"column":18},"end":{"line":72,"column":54}},"type":"cond-expr","locations":[{"start":{"line":72,"column":29},"end":{"line":72,"column":33}},{"start":{"line":72,"column":36},"end":{"line":72,"column":54}}],"line":72},"2":{"loc":{"start":{"line":124,"column":18},"end":{"line":124,"column":54}},"type":"cond-expr","locations":[{"start":{"line":124,"column":29},"end":{"line":124,"column":33}},{"start":{"line":124,"column":36},"end":{"line":124,"column":54}}],"line":124},"3":{"loc":{"start":{"line":128,"column":18},"end":{"line":128,"column":54}},"type":"cond-expr","locations":[{"start":{"line":128,"column":29},"end":{"line":128,"column":33}},{"start":{"line":128,"column":36},"end":{"line":128,"column":54}}],"line":128}},"s":{"0":1,"1":1,"2":1,"3":1,"4":2,"5":2,"6":5,"7":1,"8":1,"9":1,"10":2,"11":1,"12":1,"13":1,"14":1},"f":{"0":2,"1":2,"2":5,"3":1,"4":1,"5":2,"6":1,"7":1},"b":{"0":[0,2],"1":[0,2],"2":[0,1],"3":[0,1]},"_coverageSchema":"1a1c01bbd47fc00a2c39e90264f33305004495a9","hash":"5cb6a1d03557ff212fb07ccfc0fa05a3c15dc6d1","contentHash":"8f8c8dc61d99825fd0076f3e4b59d7eabe65ed4de5de940256ea36be0850de42"},"/Users/nanjundamurthy/Desktop/TimeSheetAppNodeService/app/routes/vendor.js":{"path":"/Users/nanjundamurthy/Desktop/TimeSheetAppNodeService/app/routes/vendor.js","statementMap":{"0":{"start":{"line":1,"column":25},"end":{"line":1,"column":57}},"1":{"start":{"line":2,"column":23},"end":{"line":2,"column":53}},"2":{"start":{"line":3,"column":16},"end":{"line":3,"column":34}},"3":{"start":{"line":4,"column":15},"end":{"line":4,"column":31}},"4":{"start":{"line":5,"column":0},"end":{"line":5,"column":32}},"5":{"start":{"line":6,"column":17},"end":{"line":6,"column":36}},"6":{"start":{"line":7,"column":20},"end":{"line":9,"column":2}},"7":{"start":{"line":10,"column":20},"end":{"line":10,"column":43}},"8":{"start":{"line":14,"column":0},"end":{"line":14,"column":50}},"9":{"start":{"line":16,"column":0},"end":{"line":16,"column":54}},"10":{"start":{"line":18,"column":0},"end":{"line":18,"column":49}},"11":{"start":{"line":20,"column":0},"end":{"line":20,"column":60}},"12":{"start":{"line":22,"column":0},"end":{"line":22,"column":57}},"13":{"start":{"line":24,"column":0},"end":{"line":24,"column":23}}},"fnMap":{},"branchMap":{},"s":{"0":1,"1":1,"2":1,"3":1,"4":1,"5":1,"6":1,"7":1,"8":1,"9":1,"10":1,"11":1,"12":1,"13":1},"f":{},"b":{},"_coverageSchema":"1a1c01bbd47fc00a2c39e90264f33305004495a9","hash":"a2ee0a86bd6055d38309979a751bc8b524523143","contentHash":"499146d27ecab8fddb915fd7d6c95b525e973f18bc4df8a4c3ee580bb2327d38"},"/Users/nanjundamurthy/Desktop/TimeSheetAppNodeService/app/controllers/vendor.js":{"path":"/Users/nanjundamurthy/Desktop/TimeSheetAppNodeService/app/controllers/vendor.js","statementMap":{"0":{"start":{"line":1,"column":15},"end":{"line":1,"column":42}},"1":{"start":{"line":2,"column":13},"end":{"line":2,"column":31}},"2":{"start":{"line":5,"column":4},"end":{"line":5,"column":32}},"3":{"start":{"line":6,"column":14},"end":{"line":6,"column":44}},"4":{"start":{"line":7,"column":11},"end":{"line":7,"column":38}},"5":{"start":{"line":8,"column":16},"end":{"line":8,"column":48}},"6":{"start":{"line":11,"column":0},"end":{"line":20,"column":1}},"7":{"start":{"line":12,"column":4},"end":{"line":19,"column":5}},"8":{"start":{"line":13,"column":24},"end":{"line":13,"column":43}},"9":{"start":{"line":14,"column":8},"end":{"line":14,"column":25}},"10":{"start":{"line":16,"column":8},"end":{"line":18,"column":10}},"11":{"start":{"line":22,"column":0},"end":{"line":31,"column":1}},"12":{"start":{"line":23,"column":4},"end":{"line":30,"column":5}},"13":{"start":{"line":24,"column":23},"end":{"line":24,"column":65}},"14":{"start":{"line":25,"column":8},"end":{"line":25,"column":25}},"15":{"start":{"line":27,"column":8},"end":{"line":29,"column":10}},"16":{"start":{"line":33,"column":0},"end":{"line":66,"column":1}},"17":{"start":{"line":34,"column":4},"end":{"line":65,"column":5}},"18":{"start":{"line":46,"column":12},"end":{"line":46,"column":20}},"19":{"start":{"line":47,"column":23},"end":{"line":58,"column":10}},"20":{"start":{"line":59,"column":8},"end":{"line":59,"column":27}},"21":{"start":{"line":60,"column":8},"end":{"line":60,"column":25}},"22":{"start":{"line":62,"column":8},"end":{"line":64,"column":10}},"23":{"start":{"line":68,"column":0},"end":{"line":79,"column":1}},"24":{"start":{"line":69,"column":4},"end":{"line":78,"column":5}},"25":{"start":{"line":70,"column":30},"end":{"line":72,"column":10}},"26":{"start":{"line":73,"column":8},"end":{"line":73,"column":31}},"27":{"start":{"line":75,"column":8},"end":{"line":77,"column":10}},"28":{"start":{"line":81,"column":0},"end":{"line":96,"column":1}},"29":{"start":{"line":82,"column":4},"end":{"line":95,"column":5}},"30":{"start":{"line":83,"column":30},"end":{"line":89,"column":10}},"31":{"start":{"line":90,"column":8},"end":{"line":90,"column":31}},"32":{"start":{"line":92,"column":8},"end":{"line":94,"column":10}}},"fnMap":{"0":{"name":"(anonymous_0)","decl":{"start":{"line":11,"column":26},"end":{"line":11,"column":27}},"loc":{"start":{"line":11,"column":46},"end":{"line":20,"column":1}},"line":11},"1":{"name":"(anonymous_1)","decl":{"start":{"line":22,"column":21},"end":{"line":22,"column":22}},"loc":{"start":{"line":22,"column":41},"end":{"line":31,"column":1}},"line":22},"2":{"name":"(anonymous_2)","decl":{"start":{"line":33,"column":24},"end":{"line":33,"column":25}},"loc":{"start":{"line":33,"column":44},"end":{"line":66,"column":1}},"line":33},"3":{"name":"(anonymous_3)","decl":{"start":{"line":68,"column":24},"end":{"line":68,"column":25}},"loc":{"start":{"line":68,"column":44},"end":{"line":79,"column":1}},"line":68},"4":{"name":"(anonymous_4)","decl":{"start":{"line":81,"column":22},"end":{"line":81,"column":23}},"loc":{"start":{"line":81,"column":42},"end":{"line":96,"column":1}},"line":81}},"branchMap":{},"s":{"0":1,"1":1,"2":1,"3":1,"4":1,"5":1,"6":1,"7":0,"8":0,"9":0,"10":0,"11":1,"12":0,"13":0,"14":0,"15":0,"16":1,"17":0,"18":0,"19":0,"20":0,"21":0,"22":0,"23":1,"24":0,"25":0,"26":0,"27":0,"28":1,"29":0,"30":0,"31":0,"32":0},"f":{"0":0,"1":0,"2":0,"3":0,"4":0},"b":{},"_coverageSchema":"1a1c01bbd47fc00a2c39e90264f33305004495a9","hash":"78d5946ecfa4e778227aef2b8ce1df777ad134f8","contentHash":"b1c65af7f706cedb9b2c374f8d463ede533d3d6e32a0b5a6993a3aba2ca20d0d"},"/Users/nanjundamurthy/Desktop/TimeSheetAppNodeService/app/models/Vendor.js":{"path":"/Users/nanjundamurthy/Desktop/TimeSheetAppNodeService/app/models/Vendor.js","statementMap":{"0":{"start":{"line":1,"column":17},"end":{"line":1,"column":36}},"1":{"start":{"line":4,"column":21},"end":{"line":15,"column":2}},"2":{"start":{"line":17,"column":0},"end":{"line":17,"column":55}}},"fnMap":{},"branchMap":{},"s":{"0":1,"1":1,"2":1},"f":{},"b":{},"_coverageSchema":"1a1c01bbd47fc00a2c39e90264f33305004495a9","hash":"5f6692fb53576bb5acfce53a7468211ffc45440b","contentHash":"5c1be396815b6aa4bbea48a27aa7794d915eb1e45c18ee263d210d50c7bd96f7"},"/Users/nanjundamurthy/Desktop/TimeSheetAppNodeService/app/routes/workingDetails.js":{"path":"/Users/nanjundamurthy/Desktop/TimeSheetAppNodeService/app/routes/workingDetails.js","statementMap":{"0":{"start":{"line":1,"column":32},"end":{"line":1,"column":72}},"1":{"start":{"line":2,"column":23},"end":{"line":2,"column":53}},"2":{"start":{"line":3,"column":16},"end":{"line":3,"column":34}},"3":{"start":{"line":4,"column":15},"end":{"line":4,"column":31}},"4":{"start":{"line":5,"column":0},"end":{"line":5,"column":33}},"5":{"start":{"line":6,"column":17},"end":{"line":6,"column":36}},"6":{"start":{"line":7,"column":20},"end":{"line":9,"column":2}},"7":{"start":{"line":10,"column":20},"end":{"line":10,"column":43}},"8":{"start":{"line":12,"column":0},"end":{"line":12,"column":64}},"9":{"start":{"line":14,"column":0},"end":{"line":14,"column":71}},"10":{"start":{"line":16,"column":0},"end":{"line":16,"column":64}},"11":{"start":{"line":18,"column":0},"end":{"line":18,"column":76}},"12":{"start":{"line":20,"column":0},"end":{"line":20,"column":73}},"13":{"start":{"line":22,"column":0},"end":{"line":22,"column":24}}},"fnMap":{},"branchMap":{},"s":{"0":1,"1":1,"2":1,"3":1,"4":1,"5":1,"6":1,"7":1,"8":1,"9":1,"10":1,"11":1,"12":1,"13":1},"f":{},"b":{},"_coverageSchema":"1a1c01bbd47fc00a2c39e90264f33305004495a9","hash":"a81dc108a208cfcc55ff5754025dffecd0f40d33","contentHash":"96d28115f3ceaf61fa136f17844eb7cc574eb6690898912389490438991338fe"},"/Users/nanjundamurthy/Desktop/TimeSheetAppNodeService/app/controllers/workingDetails.js":{"path":"/Users/nanjundamurthy/Desktop/TimeSheetAppNodeService/app/controllers/workingDetails.js","statementMap":{"0":{"start":{"line":1,"column":20},"end":{"line":1,"column":55}},"1":{"start":{"line":2,"column":13},"end":{"line":2,"column":31}},"2":{"start":{"line":3,"column":24},"end":{"line":3,"column":52}},"3":{"start":{"line":4,"column":14},"end":{"line":4,"column":44}},"4":{"start":{"line":5,"column":11},"end":{"line":5,"column":38}},"5":{"start":{"line":6,"column":16},"end":{"line":6,"column":48}},"6":{"start":{"line":8,"column":0},"end":{"line":17,"column":2}},"7":{"start":{"line":9,"column":2},"end":{"line":16,"column":3}},"8":{"start":{"line":10,"column":27},"end":{"line":10,"column":51}},"9":{"start":{"line":11,"column":4},"end":{"line":11,"column":29}},"10":{"start":{"line":13,"column":4},"end":{"line":15,"column":7}},"11":{"start":{"line":19,"column":0},"end":{"line":28,"column":2}},"12":{"start":{"line":20,"column":2},"end":{"line":27,"column":3}},"13":{"start":{"line":21,"column":26},"end":{"line":21,"column":70}},"14":{"start":{"line":22,"column":4},"end":{"line":22,"column":28}},"15":{"start":{"line":24,"column":4},"end":{"line":26,"column":7}},"16":{"start":{"line":30,"column":0},"end":{"line":54,"column":2}},"17":{"start":{"line":31,"column":2},"end":{"line":53,"column":3}},"18":{"start":{"line":38,"column":8},"end":{"line":38,"column":16}},"19":{"start":{"line":39,"column":26},"end":{"line":46,"column":6}},"20":{"start":{"line":47,"column":4},"end":{"line":47,"column":31}},"21":{"start":{"line":48,"column":4},"end":{"line":48,"column":28}},"22":{"start":{"line":50,"column":4},"end":{"line":52,"column":7}},"23":{"start":{"line":56,"column":0},"end":{"line":67,"column":2}},"24":{"start":{"line":57,"column":2},"end":{"line":66,"column":3}},"25":{"start":{"line":58,"column":33},"end":{"line":60,"column":6}},"26":{"start":{"line":61,"column":4},"end":{"line":61,"column":35}},"27":{"start":{"line":63,"column":4},"end":{"line":65,"column":7}},"28":{"start":{"line":69,"column":0},"end":{"line":87,"column":2}},"29":{"start":{"line":70,"column":2},"end":{"line":86,"column":3}},"30":{"start":{"line":71,"column":33},"end":{"line":80,"column":5}},"31":{"start":{"line":81,"column":4},"end":{"line":81,"column":35}},"32":{"start":{"line":83,"column":4},"end":{"line":85,"column":7}}},"fnMap":{"0":{"name":"(anonymous_0)","decl":{"start":{"line":8,"column":33},"end":{"line":8,"column":34}},"loc":{"start":{"line":8,"column":53},"end":{"line":17,"column":1}},"line":8},"1":{"name":"(anonymous_1)","decl":{"start":{"line":19,"column":29},"end":{"line":19,"column":30}},"loc":{"start":{"line":19,"column":49},"end":{"line":28,"column":1}},"line":19},"2":{"name":"(anonymous_2)","decl":{"start":{"line":30,"column":32},"end":{"line":30,"column":33}},"loc":{"start":{"line":30,"column":52},"end":{"line":54,"column":1}},"line":30},"3":{"name":"(anonymous_3)","decl":{"start":{"line":56,"column":31},"end":{"line":56,"column":32}},"loc":{"start":{"line":56,"column":51},"end":{"line":67,"column":1}},"line":56},"4":{"name":"(anonymous_4)","decl":{"start":{"line":69,"column":29},"end":{"line":69,"column":30}},"loc":{"start":{"line":69,"column":49},"end":{"line":87,"column":1}},"line":69}},"branchMap":{},"s":{"0":1,"1":1,"2":1,"3":1,"4":1,"5":1,"6":1,"7":0,"8":0,"9":0,"10":0,"11":1,"12":0,"13":0,"14":0,"15":0,"16":1,"17":0,"18":0,"19":0,"20":0,"21":0,"22":0,"23":1,"24":0,"25":0,"26":0,"27":0,"28":1,"29":0,"30":0,"31":0,"32":0},"f":{"0":0,"1":0,"2":0,"3":0,"4":0},"b":{},"_coverageSchema":"1a1c01bbd47fc00a2c39e90264f33305004495a9","hash":"5e59a531de8e65d5fb603fece3a0ba22db403406","contentHash":"23d03c42cd8dfd7ccca6e67cb8ccc757079b2eb8fe393db10ea02580fd62a692"},"/Users/nanjundamurthy/Desktop/TimeSheetAppNodeService/app/models/workingDetails.js":{"path":"/Users/nanjundamurthy/Desktop/TimeSheetAppNodeService/app/models/workingDetails.js","statementMap":{"0":{"start":{"line":1,"column":17},"end":{"line":1,"column":36}},"1":{"start":{"line":3,"column":29},"end":{"line":10,"column":2}},"2":{"start":{"line":12,"column":0},"end":{"line":12,"column":72}}},"fnMap":{},"branchMap":{},"s":{"0":1,"1":1,"2":1},"f":{},"b":{},"_coverageSchema":"1a1c01bbd47fc00a2c39e90264f33305004495a9","hash":"5949d346b6cc0bc8fecfc7609202d1ee255bc3c4","contentHash":"411574a301963111a8e6828c8682f3cb32501724811cbc4f480f253645f3e657"}}